21:05:46 HANOI     EZ390 START USING z390 V1.5.06 ON J2SE 1.8.0_131 06/02/17
test enter command or h for help
test cmd: t
 800FFB98 0 90ECD00C     STM   RE=00002018 RC=F4F4F4F4 S2(0000210C)=00000000
 800FFB9C 0 45FF0068     BAL   RF=800FFB98 S2(000FFC00)=50FD0008 ST   
 800FFC00 0 50FD0008     ST    RF=800FFBA0 S2(00002108)=00000000
 800FFC04 0 50DF0004     ST    RD=00002100 S2(000FFBA4)=00000000
 800FFC08 0 18DF         LR    RD=00002100 RF=800FFBA0
 800FFC0A 0 4520D294     BAL   R2=F4F4F4F4 S2(000FFE34)=D283D2E0D3B0 MVC  
 800FFE34 0 D283D2E0D3B0 MVC   S1(000FFE80)=F6F6F6F6F6F6F6F6F6F6F6F6F6F6F6F6 S2(000FFF50)=00000000000000000000000000000000='................'
 800FFE3A 0 5840D2DC     L     R4=F4F4F4F4 S2(000FFE7C)=00000004
 800FFE3E 0 1854         LR    R5=F4F4F4F4 R4=00000004
 800FFE40 0 41400000     LA    R4=00000004 S2(00000000)
 800FFE44 0 5C40D3A8     M     R4=00000000 R5=00000004 S2(000FFF48)=00000004
 800FFE48 0 1845         LR    R4=00000000 R5=00000010
 800FFE4A 0 5040D2E0     ST    R4=00000010 S2(000FFE80)=00000000
 800FFE4E 0 41400000     LA    R4=00000010 S2(00000000)
 800FFE52 0 5850D2DC     L     R5=00000010 S2(000FFE7C)=00000004
 800FFE56 0 5054D2E4     ST    R5=00000004 S2(000FFE84)=00000000
 800FFE5A 0 5A40D3A8     A     R4=00000000 S2(000FFF48)=00000004
 800FFE5E 2 4650D2B6     BCT   R5=00000004 S2(000FFE56)=5054D2E4
 800FFE56 2 5054D2E4     ST    R5=00000003 S2(000FFE88)=00000000
 800FFE5A 2 5A40D3A8     A     R4=00000004 S2(000FFF48)=00000004
 800FFE5E 2 4650D2B6     BCT   R5=00000003 S2(000FFE56)=5054D2E4
 800FFE56 2 5054D2E4     ST    R5=00000002 S2(000FFE8C)=00000000
 800FFE5A 2 5A40D3A8     A     R4=00000008 S2(000FFF48)=00000004
 800FFE5E 2 4650D2B6     BCT   R5=00000002 S2(000FFE56)=5054D2E4
 800FFE56 2 5054D2E4     ST    R5=00000001 S2(000FFE90)=00000000
 800FFE5A 2 5A40D3A8     A     R4=0000000C S2(000FFF48)=00000004
 800FFE5E 2 4650D2B6     BCT   R5=00000001 S2(000FFE56)=5054D2E4
 800FFE62 2 07F2         BR    R2(800FFC0E)=5850D2DC L    
 800FFC0E 2 5850D2DC     L     R5=00000000 S2(000FFE7C)=00000004
 800FFC12 2 5450D3A0     N     R5=00000004 S2(000FFF40)=00000001
 800FFC16 0 5550D3A4     CL    R5=00000000 S2(000FFF44)=00000000
 800FFC1A 0 4780D08A     BE    S2(000FFC2A)=4520D1DA BAL  
 800FFC2A 0 4520D1DA     BAL   R2=800FFC0E S2(000FFD7A)=D21DD368D434 MVC  
 800FFD7A 0 D21DD368D434 MVC   S1(000FFF08)=F6F6F6F6F6F6F6F6F6F6F6F6F6F6F6F6 S2(000FFFD4)=40404040404040404040404040404040='                '
 800FFD80 0 41600024     LA    R6=F4F4F4F4 S2(00000024)
 800FFD84 0 5020D388     ST    R2=800FFC2E S2(000FFF28)=F6F6F6F6
 800FFD88 0 41400000     LA    R4=00000010 S2(00000000)
 800FFD8C 0 4180D2E4     LA    R8=F4F4F4F4 S2(000FFE84)
 800FFD90 0 4520D224     BAL   R2=800FFC2E S2(000FFDC4)=1A86 AR   
 800FFDC4 0 1A86         AR    R8=000FFE84 R6=00000024
 800FFDC6 2 D5038000D3A4 CLC   S1(000FFEA8)=00000000 S2(000FFF44)=00000000='....'
 800FFDCC 0 4780D248     BE    S2(000FFDE8)=07F2 BR   
 800FFDE8 0 07F2         BR    R2(800FFD94)=4140000A LA   
 800FFD94 0 4140000A     LA    R4=00000000 S2(0000000A)
 800FFD98 0 4180D310     LA    R8=000FFEA8 S2(000FFEB0)
 800FFD9C 0 4520D224     BAL   R2=800FFD94 S2(000FFDC4)=1A86 AR   
 800FFDC4 0 1A86         AR    R8=000FFEB0 R6=00000024
 800FFDC6 2 D5038000D3A4 CLC   S1(000FFED4)=00000000 S2(000FFF44)=00000000='....'
 800FFDCC 0 4780D248     BE    S2(000FFDE8)=07F2 BR   
 800FFDE8 0 07F2         BR    R2(800FFDA0)=41400014 LA   
 800FFDA0 0 41400014     LA    R4=0000000A S2(00000014)
 800FFDA4 0 4180D33C     LA    R8=000FFED4 S2(000FFEDC)
 800FFDA8 0 4520D224     BAL   R2=800FFDA0 S2(000FFDC4)=1A86 AR   
 800FFDC4 0 1A86         AR    R8=000FFEDC R6=00000024
 800FFDC6 2 D5038000D3A4 CLC   S1(000FFF00)=00000000 S2(000FFF44)=00000000='....'
 800FFDCC 0 4780D248     BE    S2(000FFDE8)=07F2 BR   
 800FFDE8 0 07F2         BR    R2(800FFDAC)=4110D364 LA   
 800FFDAC 0 4110D364     LA    R1=00002300 S2(000FFF04)
 800FFDB0 0 0A23         SVC   I1=23 WTO R1=ADDR(AL2(LEN),AL2(FLAGS),C'MSG')

 800FFDB2 0 5B60D3A8     S     R6=00000024 S2(000FFF48)=00000004
 800FFDB6 2 5960D3A4     C     R6=00000020 S2(000FFF44)=00000000
 800FFDBA 2 47B0D1E8     BNL   S2(000FFD88)=41400000 LA   
 800FFD88 2 41400000     LA    R4=00000014 S2(00000000)
 800FFD8C 2 4180D2E4     LA    R8=000FFF00 S2(000FFE84)
 800FFD90 2 4520D224     BAL   R2=800FFDAC S2(000FFDC4)=1A86 AR   
 800FFDC4 2 1A86         AR    R8=000FFE84 R6=00000020
 800FFDC6 2 D5038000D3A4 CLC   S1(000FFEA4)=00000000 S2(000FFF44)=00000000='....'
 800FFDCC 0 4780D248     BE    S2(000FFDE8)=07F2 BR   
 800FFDE8 0 07F2         BR    R2(800FFD94)=4140000A LA   
 800FFD94 0 4140000A     LA    R4=00000000 S2(0000000A)
 800FFD98 0 4180D310     LA    R8=000FFEA4 S2(000FFEB0)
 800FFD9C 0 4520D224     BAL   R2=800FFD94 S2(000FFDC4)=1A86 AR   
 800FFDC4 0 1A86         AR    R8=000FFEB0 R6=00000020
 800FFDC6 2 D5038000D3A4 CLC   S1(000FFED0)=00000000 S2(000FFF44)=00000000='....'
 800FFDCC 0 4780D248     BE    S2(000FFDE8)=07F2 BR   
 800FFDE8 0 07F2         BR    R2(800FFDA0)=41400014 LA   
 800FFDA0 0 41400014     LA    R4=0000000A S2(00000014)
 800FFDA4 0 4180D33C     LA    R8=000FFED0 S2(000FFEDC)
 800FFDA8 0 4520D224     BAL   R2=800FFDA0 S2(000FFDC4)=1A86 AR   
 800FFDC4 0 1A86         AR    R8=000FFEDC R6=00000020
 800FFDC6 2 D5038000D3A4 CLC   S1(000FFEFC)=00000000 S2(000FFF44)=00000000='....'
 800FFDCC 0 4780D248     BE    S2(000FFDE8)=07F2 BR   
 800FFDE8 0 07F2         BR    R2(800FFDAC)=4110D364 LA   
 800FFDAC 0 4110D364     LA    R1=000FFF04 S2(000FFF04)
 800FFDB0 0 0A23         SVC   I1=23 WTO R1=ADDR(AL2(LEN),AL2(FLAGS),C'MSG')

 800FFDB2 0 5B60D3A8     S     R6=00000020 S2(000FFF48)=00000004
 800FFDB6 2 5960D3A4     C     R6=0000001C S2(000FFF44)=00000000
 800FFDBA 2 47B0D1E8     BNL   S2(000FFD88)=41400000 LA   
 800FFD88 2 41400000     LA    R4=00000014 S2(00000000)
 800FFD8C 2 4180D2E4     LA    R8=000FFEFC S2(000FFE84)
 800FFD90 2 4520D224     BAL   R2=800FFDAC S2(000FFDC4)=1A86 AR   
 800FFDC4 2 1A86         AR    R8=000FFE84 R6=0000001C
 800FFDC6 2 D5038000D3A4 CLC   S1(000FFEA0)=00000000 S2(000FFF44)=00000000='....'
 800FFDCC 0 4780D248     BE    S2(000FFDE8)=07F2 BR   
 800FFDE8 0 07F2         BR    R2(800FFD94)=4140000A LA   
 800FFD94 0 4140000A     LA    R4=00000000 S2(0000000A)
 800FFD98 0 4180D310     LA    R8=000FFEA0 S2(000FFEB0)
 800FFD9C 0 4520D224     BAL   R2=800FFD94 S2(000FFDC4)=1A86 AR   
 800FFDC4 0 1A86         AR    R8=000FFEB0 R6=0000001C
 800FFDC6 2 D5038000D3A4 CLC   S1(000FFECC)=00000000 S2(000FFF44)=00000000='....'
 800FFDCC 0 4780D248     BE    S2(000FFDE8)=07F2 BR   
 800FFDE8 0 07F2         BR    R2(800FFDA0)=41400014 LA   
 800FFDA0 0 41400014     LA    R4=0000000A S2(00000014)
 800FFDA4 0 4180D33C     LA    R8=000FFECC S2(000FFEDC)
 800FFDA8 0 4520D224     BAL   R2=800FFDA0 S2(000FFDC4)=1A86 AR   
 800FFDC4 0 1A86         AR    R8=000FFEDC R6=0000001C
 800FFDC6 2 D5038000D3A4 CLC   S1(000FFEF8)=00000000 S2(000FFF44)=00000000='....'
 800FFDCC 0 4780D248     BE    S2(000FFDE8)=07F2 BR   
 800FFDE8 0 07F2         BR    R2(800FFDAC)=4110D364 LA   
 800FFDAC 0 4110D364     LA    R1=000FFF04 S2(000FFF04)
 800FFDB0 0 0A23         SVC   I1=23 WTO R1=ADDR(AL2(LEN),AL2(FLAGS),C'MSG')

 800FFDB2 0 5B60D3A8     S     R6=0000001C S2(000FFF48)=00000004
 800FFDB6 2 5960D3A4     C     R6=00000018 S2(000FFF44)=00000000
 800FFDBA 2 47B0D1E8     BNL   S2(000FFD88)=41400000 LA   
 800FFD88 2 41400000     LA    R4=00000014 S2(00000000)
 800FFD8C 2 4180D2E4     LA    R8=000FFEF8 S2(000FFE84)
 800FFD90 2 4520D224     BAL   R2=800FFDAC S2(000FFDC4)=1A86 AR   
 800FFDC4 2 1A86         AR    R8=000FFE84 R6=00000018
 800FFDC6 2 D5038000D3A4 CLC   S1(000FFE9C)=00000000 S2(000FFF44)=00000000='....'
 800FFDCC 0 4780D248     BE    S2(000FFDE8)=07F2 BR   
 800FFDE8 0 07F2         BR    R2(800FFD94)=4140000A LA   
 800FFD94 0 4140000A     LA    R4=00000000 S2(0000000A)
 800FFD98 0 4180D310     LA    R8=000FFE9C S2(000FFEB0)
 800FFD9C 0 4520D224     BAL   R2=800FFD94 S2(000FFDC4)=1A86 AR   
 800FFDC4 0 1A86         AR    R8=000FFEB0 R6=00000018
 800FFDC6 2 D5038000D3A4 CLC   S1(000FFEC8)=00000000 S2(000FFF44)=00000000='....'
 800FFDCC 0 4780D248     BE    S2(000FFDE8)=07F2 BR   
 800FFDE8 0 07F2         BR    R2(800FFDA0)=41400014 LA   
 800FFDA0 0 41400014     LA    R4=0000000A S2(00000014)
 800FFDA4 0 4180D33C     LA    R8=000FFEC8 S2(000FFEDC)
 800FFDA8 0 4520D224     BAL   R2=800FFDA0 S2(000FFDC4)=1A86 AR   
 800FFDC4 0 1A86         AR    R8=000FFEDC R6=00000018
 800FFDC6 2 D5038000D3A4 CLC   S1(000FFEF4)=00000000 S2(000FFF44)=00000000='....'
 800FFDCC 0 4780D248     BE    S2(000FFDE8)=07F2 BR   
 800FFDE8 0 07F2         BR    R2(800FFDAC)=4110D364 LA   
 800FFDAC 0 4110D364     LA    R1=000FFF04 S2(000FFF04)
 800FFDB0 0 0A23         SVC   I1=23 WTO R1=ADDR(AL2(LEN),AL2(FLAGS),C'MSG')

 800FFDB2 0 5B60D3A8     S     R6=00000018 S2(000FFF48)=00000004
 800FFDB6 2 5960D3A4     C     R6=00000014 S2(000FFF44)=00000000
 800FFDBA 2 47B0D1E8     BNL   S2(000FFD88)=41400000 LA   
 800FFD88 2 41400000     LA    R4=00000014 S2(00000000)
 800FFD8C 2 4180D2E4     LA    R8=000FFEF4 S2(000FFE84)
 800FFD90 2 4520D224     BAL   R2=800FFDAC S2(000FFDC4)=1A86 AR   
 800FFDC4 2 1A86         AR    R8=000FFE84 R6=00000014
 800FFDC6 2 D5038000D3A4 CLC   S1(000FFE98)=00000000 S2(000FFF44)=00000000='....'
 800FFDCC 0 4780D248     BE    S2(000FFDE8)=07F2 BR   
 800FFDE8 0 07F2         BR    R2(800FFD94)=4140000A LA   
 800FFD94 0 4140000A     LA    R4=00000000 S2(0000000A)
 800FFD98 0 4180D310     LA    R8=000FFE98 S2(000FFEB0)
 800FFD9C 0 4520D224     BAL   R2=800FFD94 S2(000FFDC4)=1A86 AR   
 800FFDC4 0 1A86         AR    R8=000FFEB0 R6=00000014
 800FFDC6 2 D5038000D3A4 CLC   S1(000FFEC4)=00000000 S2(000FFF44)=00000000='....'
 800FFDCC 0 4780D248     BE    S2(000FFDE8)=07F2 BR   
 800FFDE8 0 07F2         BR    R2(800FFDA0)=41400014 LA   
 800FFDA0 0 41400014     LA    R4=0000000A S2(00000014)
 800FFDA4 0 4180D33C     LA    R8=000FFEC4 S2(000FFEDC)
 800FFDA8 0 4520D224     BAL   R2=800FFDA0 S2(000FFDC4)=1A86 AR   
 800FFDC4 0 1A86         AR    R8=000FFEDC R6=00000014
 800FFDC6 2 D5038000D3A4 CLC   S1(000FFEF0)=00000000 S2(000FFF44)=00000000='....'
 800FFDCC 0 4780D248     BE    S2(000FFDE8)=07F2 BR   
 800FFDE8 0 07F2         BR    R2(800FFDAC)=4110D364 LA   
 800FFDAC 0 4110D364     LA    R1=000FFF04 S2(000FFF04)
 800FFDB0 0 0A23         SVC   I1=23 WTO R1=ADDR(AL2(LEN),AL2(FLAGS),C'MSG')

 800FFDB2 0 5B60D3A8     S     R6=00000014 S2(000FFF48)=00000004
 800FFDB6 2 5960D3A4     C     R6=00000010 S2(000FFF44)=00000000
 800FFDBA 2 47B0D1E8     BNL   S2(000FFD88)=41400000 LA   
 800FFD88 2 41400000     LA    R4=00000014 S2(00000000)
 800FFD8C 2 4180D2E4     LA    R8=000FFEF0 S2(000FFE84)
 800FFD90 2 4520D224     BAL   R2=800FFDAC S2(000FFDC4)=1A86 AR   
 800FFDC4 2 1A86         AR    R8=000FFE84 R6=00000010
 800FFDC6 2 D5038000D3A4 CLC   S1(000FFE94)=00000000 S2(000FFF44)=00000000='....'
 800FFDCC 0 4780D248     BE    S2(000FFDE8)=07F2 BR   
 800FFDE8 0 07F2         BR    R2(800FFD94)=4140000A LA   
 800FFD94 0 4140000A     LA    R4=00000000 S2(0000000A)
 800FFD98 0 4180D310     LA    R8=000FFE94 S2(000FFEB0)
 800FFD9C 0 4520D224     BAL   R2=800FFD94 S2(000FFDC4)=1A86 AR   
 800FFDC4 0 1A86         AR    R8=000FFEB0 R6=00000010
 800FFDC6 2 D5038000D3A4 CLC   S1(000FFEC0)=00000000 S2(000FFF44)=00000000='....'
 800FFDCC 0 4780D248     BE    S2(000FFDE8)=07F2 BR   
 800FFDE8 0 07F2         BR    R2(800FFDA0)=41400014 LA   
 800FFDA0 0 41400014     LA    R4=0000000A S2(00000014)
 800FFDA4 0 4180D33C     LA    R8=000FFEC0 S2(000FFEDC)
 800FFDA8 0 4520D224     BAL   R2=800FFDA0 S2(000FFDC4)=1A86 AR   
 800FFDC4 0 1A86         AR    R8=000FFEDC R6=00000010
 800FFDC6 2 D5038000D3A4 CLC   S1(000FFEEC)=00000000 S2(000FFF44)=00000000='....'
 800FFDCC 0 4780D248     BE    S2(000FFDE8)=07F2 BR   
 800FFDE8 0 07F2         BR    R2(800FFDAC)=4110D364 LA   
 800FFDAC 0 4110D364     LA    R1=000FFF04 S2(000FFF04)
 800FFDB0 0 0A23         SVC   I1=23 WTO R1=ADDR(AL2(LEN),AL2(FLAGS),C'MSG')

 800FFDB2 0 5B60D3A8     S     R6=00000010 S2(000FFF48)=00000004
 800FFDB6 2 5960D3A4     C     R6=0000000C S2(000FFF44)=00000000
 800FFDBA 2 47B0D1E8     BNL   S2(000FFD88)=41400000 LA   
 800FFD88 2 41400000     LA    R4=00000014 S2(00000000)
 800FFD8C 2 4180D2E4     LA    R8=000FFEEC S2(000FFE84)
 800FFD90 2 4520D224     BAL   R2=800FFDAC S2(000FFDC4)=1A86 AR   
 800FFDC4 2 1A86         AR    R8=000FFE84 R6=0000000C
 800FFDC6 2 D5038000D3A4 CLC   S1(000FFE90)=00000001 S2(000FFF44)=00000000='....'
 800FFDCC 2 4780D248     BE    S2(000FFDE8)=07F2 BR   
 800FFDD0 2 58880000     L     R8=000FFE90 S2(000FFE90)=00000001
 800FFDD4 2 4170D368     LA    R7=F4F4F4F4 S2(000FFF08)
 800FFDD8 2 1A74         AR    R7=000FFF08 R4=00000000
 800FFDDA 2 D2007000D452 MVC   S1(000FFF08)=40 S2(000FFFF2)=E7='.'
 800FFDE0 2 5A70D3A0     A     R7=000FFF08 S2(000FFF40)=00000001
 800FFDE4 2 4680D23A     BCT   R8=00000001 S2(000FFDDA)=D2007000
 800FFDE8 2 07F2         BR    R2(800FFD94)=4140000A LA   
 800FFD94 2 4140000A     LA    R4=00000000 S2(0000000A)
 800FFD98 2 4180D310     LA    R8=00000000 S2(000FFEB0)
 800FFD9C 2 4520D224     BAL   R2=800FFD94 S2(000FFDC4)=1A86 AR   
 800FFDC4 2 1A86         AR    R8=000FFEB0 R6=0000000C
 800FFDC6 2 D5038000D3A4 CLC   S1(000FFEBC)=00000000 S2(000FFF44)=00000000='....'
 800FFDCC 0 4780D248     BE    S2(000FFDE8)=07F2 BR   
 800FFDE8 0 07F2         BR    R2(800FFDA0)=41400014 LA   
 800FFDA0 0 41400014     LA    R4=0000000A S2(00000014)
 800FFDA4 0 4180D33C     LA    R8=000FFEBC S2(000FFEDC)
 800FFDA8 0 4520D224     BAL   R2=800FFDA0 S2(000FFDC4)=1A86 AR   
 800FFDC4 0 1A86         AR    R8=000FFEDC R6=0000000C
 800FFDC6 2 D5038000D3A4 CLC   S1(000FFEE8)=00000000 S2(000FFF44)=00000000='....'
 800FFDCC 0 4780D248     BE    S2(000FFDE8)=07F2 BR   
 800FFDE8 0 07F2         BR    R2(800FFDAC)=4110D364 LA   
 800FFDAC 0 4110D364     LA    R1=000FFF04 S2(000FFF04)
 800FFDB0 0 0A23         SVC   I1=23 WTO R1=ADDR(AL2(LEN),AL2(FLAGS),C'MSG')
X
 800FFDB2 0 5B60D3A8     S     R6=0000000C S2(000FFF48)=00000004
 800FFDB6 2 5960D3A4     C     R6=00000008 S2(000FFF44)=00000000
 800FFDBA 2 47B0D1E8     BNL   S2(000FFD88)=41400000 LA   
 800FFD88 2 41400000     LA    R4=00000014 S2(00000000)
 800FFD8C 2 4180D2E4     LA    R8=000FFEE8 S2(000FFE84)
 800FFD90 2 4520D224     BAL   R2=800FFDAC S2(000FFDC4)=1A86 AR   
 800FFDC4 2 1A86         AR    R8=000FFE84 R6=00000008
 800FFDC6 2 D5038000D3A4 CLC   S1(000FFE8C)=00000002 S2(000FFF44)=00000000='....'
 800FFDCC 2 4780D248     BE    S2(000FFDE8)=07F2 BR   
 800FFDD0 2 58880000     L     R8=000FFE8C S2(000FFE8C)=00000002
 800FFDD4 2 4170D368     LA    R7=000FFF09 S2(000FFF08)
 800FFDD8 2 1A74         AR    R7=000FFF08 R4=00000000
 800FFDDA 2 D2007000D452 MVC   S1(000FFF08)=E7 S2(000FFFF2)=E7='.'
 800FFDE0 2 5A70D3A0     A     R7=000FFF08 S2(000FFF40)=00000001
 800FFDE4 2 4680D23A     BCT   R8=00000002 S2(000FFDDA)=D2007000
 800FFDDA 2 D2007000D452 MVC   S1(000FFF09)=40 S2(000FFFF2)=E7='.'
 800FFDE0 2 5A70D3A0     A     R7=000FFF09 S2(000FFF40)=00000001
 800FFDE4 2 4680D23A     BCT   R8=00000001 S2(000FFDDA)=D2007000
 800FFDE8 2 07F2         BR    R2(800FFD94)=4140000A LA   
 800FFD94 2 4140000A     LA    R4=00000000 S2(0000000A)
 800FFD98 2 4180D310     LA    R8=00000000 S2(000FFEB0)
 800FFD9C 2 4520D224     BAL   R2=800FFD94 S2(000FFDC4)=1A86 AR   
 800FFDC4 2 1A86         AR    R8=000FFEB0 R6=00000008
 800FFDC6 2 D5038000D3A4 CLC   S1(000FFEB8)=00000000 S2(000FFF44)=00000000='....'
 800FFDCC 0 4780D248     BE    S2(000FFDE8)=07F2 BR   
 800FFDE8 0 07F2         BR    R2(800FFDA0)=41400014 LA   
 800FFDA0 0 41400014     LA    R4=0000000A S2(00000014)
 800FFDA4 0 4180D33C     LA    R8=000FFEB8 S2(000FFEDC)
 800FFDA8 0 4520D224     BAL   R2=800FFDA0 S2(000FFDC4)=1A86 AR   
 800FFDC4 0 1A86         AR    R8=000FFEDC R6=00000008
 800FFDC6 2 D5038000D3A4 CLC   S1(000FFEE4)=00000000 S2(000FFF44)=00000000='....'
 800FFDCC 0 4780D248     BE    S2(000FFDE8)=07F2 BR   
 800FFDE8 0 07F2         BR    R2(800FFDAC)=4110D364 LA   
 800FFDAC 0 4110D364     LA    R1=000FFF04 S2(000FFF04)
 800FFDB0 0 0A23         SVC   I1=23 WTO R1=ADDR(AL2(LEN),AL2(FLAGS),C'MSG')
XX
 800FFDB2 0 5B60D3A8     S     R6=00000008 S2(000FFF48)=00000004
 800FFDB6 2 5960D3A4     C     R6=00000004 S2(000FFF44)=00000000
 800FFDBA 2 47B0D1E8     BNL   S2(000FFD88)=41400000 LA   
 800FFD88 2 41400000     LA    R4=00000014 S2(00000000)
 800FFD8C 2 4180D2E4     LA    R8=000FFEE4 S2(000FFE84)
 800FFD90 2 4520D224     BAL   R2=800FFDAC S2(000FFDC4)=1A86 AR   
 800FFDC4 2 1A86         AR    R8=000FFE84 R6=00000004
 800FFDC6 2 D5038000D3A4 CLC   S1(000FFE88)=00000003 S2(000FFF44)=00000000='....'
 800FFDCC 2 4780D248     BE    S2(000FFDE8)=07F2 BR   
 800FFDD0 2 58880000     L     R8=000FFE88 S2(000FFE88)=00000003
 800FFDD4 2 4170D368     LA    R7=000FFF0A S2(000FFF08)
 800FFDD8 2 1A74         AR    R7=000FFF08 R4=00000000
 800FFDDA 2 D2007000D452 MVC   S1(000FFF08)=E7 S2(000FFFF2)=E7='.'
 800FFDE0 2 5A70D3A0     A     R7=000FFF08 S2(000FFF40)=00000001
 800FFDE4 2 4680D23A     BCT   R8=00000003 S2(000FFDDA)=D2007000
 800FFDDA 2 D2007000D452 MVC   S1(000FFF09)=E7 S2(000FFFF2)=E7='.'
 800FFDE0 2 5A70D3A0     A     R7=000FFF09 S2(000FFF40)=00000001
 800FFDE4 2 4680D23A     BCT   R8=00000002 S2(000FFDDA)=D2007000
 800FFDDA 2 D2007000D452 MVC   S1(000FFF0A)=40 S2(000FFFF2)=E7='.'
 800FFDE0 2 5A70D3A0     A     R7=000FFF0A S2(000FFF40)=00000001
 800FFDE4 2 4680D23A     BCT   R8=00000001 S2(000FFDDA)=D2007000
 800FFDE8 2 07F2         BR    R2(800FFD94)=4140000A LA   
 800FFD94 2 4140000A     LA    R4=00000000 S2(0000000A)
 800FFD98 2 4180D310     LA    R8=00000000 S2(000FFEB0)
 800FFD9C 2 4520D224     BAL   R2=800FFD94 S2(000FFDC4)=1A86 AR   
 800FFDC4 2 1A86         AR    R8=000FFEB0 R6=00000004
 800FFDC6 2 D5038000D3A4 CLC   S1(000FFEB4)=00000000 S2(000FFF44)=00000000='....'
 800FFDCC 0 4780D248     BE    S2(000FFDE8)=07F2 BR   
 800FFDE8 0 07F2         BR    R2(800FFDA0)=41400014 LA   
 800FFDA0 0 41400014     LA    R4=0000000A S2(00000014)
 800FFDA4 0 4180D33C     LA    R8=000FFEB4 S2(000FFEDC)
 800FFDA8 0 4520D224     BAL   R2=800FFDA0 S2(000FFDC4)=1A86 AR   
 800FFDC4 0 1A86         AR    R8=000FFEDC R6=00000004
 800FFDC6 2 D5038000D3A4 CLC   S1(000FFEE0)=00000000 S2(000FFF44)=00000000='....'
 800FFDCC 0 4780D248     BE    S2(000FFDE8)=07F2 BR   
 800FFDE8 0 07F2         BR    R2(800FFDAC)=4110D364 LA   
 800FFDAC 0 4110D364     LA    R1=000FFF04 S2(000FFF04)
 800FFDB0 0 0A23         SVC   I1=23 WTO R1=ADDR(AL2(LEN),AL2(FLAGS),C'MSG')
XXX
 800FFDB2 0 5B60D3A8     S     R6=00000004 S2(000FFF48)=00000004
 800FFDB6 0 5960D3A4     C     R6=00000000 S2(000FFF44)=00000000
 800FFDBA 0 47B0D1E8     BNL   S2(000FFD88)=41400000 LA   
 800FFD88 0 41400000     LA    R4=00000014 S2(00000000)
 800FFD8C 0 4180D2E4     LA    R8=000FFEE0 S2(000FFE84)
 800FFD90 0 4520D224     BAL   R2=800FFDAC S2(000FFDC4)=1A86 AR   
 800FFDC4 0 1A86         AR    R8=000FFE84 R6=00000000
 800FFDC6 2 D5038000D3A4 CLC   S1(000FFE84)=00000004 S2(000FFF44)=00000000='....'
 800FFDCC 2 4780D248     BE    S2(000FFDE8)=07F2 BR   
 800FFDD0 2 58880000     L     R8=000FFE84 S2(000FFE84)=00000004
 800FFDD4 2 4170D368     LA    R7=000FFF0B S2(000FFF08)
 800FFDD8 2 1A74         AR    R7=000FFF08 R4=00000000
 800FFDDA 2 D2007000D452 MVC   S1(000FFF08)=E7 S2(000FFFF2)=E7='.'
 800FFDE0 2 5A70D3A0     A     R7=000FFF08 S2(000FFF40)=00000001
 800FFDE4 2 4680D23A     BCT   R8=00000004 S2(000FFDDA)=D2007000
 800FFDDA 2 D2007000D452 MVC   S1(000FFF09)=E7 S2(000FFFF2)=E7='.'
 800FFDE0 2 5A70D3A0     A     R7=000FFF09 S2(000FFF40)=00000001
 800FFDE4 2 4680D23A     BCT   R8=00000003 S2(000FFDDA)=D2007000
 800FFDDA 2 D2007000D452 MVC   S1(000FFF0A)=E7 S2(000FFFF2)=E7='.'
 800FFDE0 2 5A70D3A0     A     R7=000FFF0A S2(000FFF40)=00000001
 800FFDE4 2 4680D23A     BCT   R8=00000002 S2(000FFDDA)=D2007000
 800FFDDA 2 D2007000D452 MVC   S1(000FFF0B)=40 S2(000FFFF2)=E7='.'
 800FFDE0 2 5A70D3A0     A     R7=000FFF0B S2(000FFF40)=00000001
 800FFDE4 2 4680D23A     BCT   R8=00000001 S2(000FFDDA)=D2007000
 800FFDE8 2 07F2         BR    R2(800FFD94)=4140000A LA   
 800FFD94 2 4140000A     LA    R4=00000000 S2(0000000A)
 800FFD98 2 4180D310     LA    R8=00000000 S2(000FFEB0)
 800FFD9C 2 4520D224     BAL   R2=800FFD94 S2(000FFDC4)=1A86 AR   
 800FFDC4 2 1A86         AR    R8=000FFEB0 R6=00000000
 800FFDC6 2 D5038000D3A4 CLC   S1(000FFEB0)=00000000 S2(000FFF44)=00000000='....'
 800FFDCC 0 4780D248     BE    S2(000FFDE8)=07F2 BR   
 800FFDE8 0 07F2         BR    R2(800FFDA0)=41400014 LA   
 800FFDA0 0 41400014     LA    R4=0000000A S2(00000014)
 800FFDA4 0 4180D33C     LA    R8=000FFEB0 S2(000FFEDC)
 800FFDA8 0 4520D224     BAL   R2=800FFDA0 S2(000FFDC4)=1A86 AR   
 800FFDC4 0 1A86         AR    R8=000FFEDC R6=00000000
 800FFDC6 2 D5038000D3A4 CLC   S1(000FFEDC)=00000000 S2(000FFF44)=00000000='....'
 800FFDCC 0 4780D248     BE    S2(000FFDE8)=07F2 BR   
 800FFDE8 0 07F2         BR    R2(800FFDAC)=4110D364 LA   
 800FFDAC 0 4110D364     LA    R1=000FFF04 S2(000FFF04)
 800FFDB0 0 0A23         SVC   I1=23 WTO R1=ADDR(AL2(LEN),AL2(FLAGS),C'MSG')
XXXX
 800FFDB2 0 5B60D3A8     S     R6=00000000 S2(000FFF48)=00000004
 800FFDB6 1 5960D3A4     C     R6=FFFFFFFC S2(000FFF44)=00000000
 800FFDBA 1 47B0D1E8     BNL   S2(000FFD88)=41400000 LA   
 800FFDBE 1 5820D388     L     R2=800FFDAC S2(000FFF28)=800FFC2E
 800FFDC2 1 07F2         BR    R2(800FFC2E)=4140D2E0 LA   
 800FFC2E 1 4140D2E0     LA    R4=00000014 S2(000FFE80)
 800FFC32 1 5040D398     ST    R4=000FFE80 S2(000FFF38)=F6F6F6F6
 800FFC36 1 4140D338     LA    R4=000FFE80 S2(000FFED8)
 800FFC3A 1 5040D394     ST    R4=000FFED8 S2(000FFF34)=F6F6F6F6
 800FFC3E 1 4520D0E6     BAL   R2=800FFC2E S2(000FFC86)=5020D388 ST   
 800FFC86 1 5020D388     ST    R2=800FFC42 S2(000FFF28)=800FFC2E
 800FFC8A 1 5840D394     L     R4=000FFED8 S2(000FFF34)=000FFED8
 800FFC8E 1 4520D130     BAL   R2=800FFC42 S2(000FFCD0)=58540000 L    
 800FFCD0 1 58540000     L     R5=00000000 S2(000FFED8)=00000000
 800FFCD4 1 5950D3A4     C     R5=00000000 S2(000FFF44)=00000000
 800FFCD8 0 A7D40009     BRNH  S2(000FFCEA)=D203D38CD3AC MVC  
 800FFCEA 0 D203D38CD3AC MVC   S1(000FFF2C)=F6F6F6F6 S2(000FFF4C)=FFFFFFFF=''
 800FFCF0 0 07F2         BR    R2(800FFC92)=5860D38C L    
 800FFC92 0 5860D38C     L     R6=FFFFFFFC S2(000FFF2C)=FFFFFFFF
 800FFC96 0 5840D398     L     R4=000FFED8 S2(000FFF38)=000FFE80
 800FFC9A 0 4520D130     BAL   R2=800FFC92 S2(000FFCD0)=58540000 L    
 800FFCD0 0 58540000     L     R5=00000000 S2(000FFE80)=00000010
 800FFCD4 0 5950D3A4     C     R5=00000010 S2(000FFF44)=00000000
 800FFCD8 2 A7D40009     BRNH  S2(000FFCEA)=D203D38CD3AC MVC  
 800FFCDC 2 1854         LR    R5=00000010 R4=000FFE80
 800FFCDE 2 5A540000     A     R5=000FFE80 S2(000FFE80)=00000010
 800FFCE2 2 D203D38C5000 MVC   S1(000FFF2C)=FFFFFFFF S2(000FFE90)=00000001='....'
 800FFCE8 2 07F2         BR    R2(800FFC9E)=D503D38CD3AC CLC  
 800FFC9E 2 D503D38CD3AC CLC   S1(000FFF2C)=00000001 S2(000FFF4C)=FFFFFFFF=''
 800FFCA4 1 A7840012     BRE   S2(000FFCC8)=D200D390D454 MVC  
 800FFCA8 1 5960D38C     C     R6=FFFFFFFF S2(000FFF2C)=00000001
 800FFCAC 1 47B0D128     BNL   S2(000FFCC8)=D200D390D454 MVC  
 800FFCB0 1 D200D390D453 MVC   S1(000FFF30)=F6 S2(000FFFF3)=A2='.'
 800FFCB6 1 4520D152     BAL   R2=800FFC9E S2(000FFCF2)=58540000 L    
 800FFCF2 1 58540000     L     R5=000FFE90 S2(000FFE80)=00000010
 800FFCF6 1 5950D3A4     C     R5=00000010 S2(000FFF44)=00000000
 800FFCFA 2 A7D40012     BRNH  S2(000FFD1E)=D203D38CD3AC MVC  
 800FFCFE 2 1854         LR    R5=00000010 R4=000FFE80
 800FFD00 2 5A540000     A     R5=000FFE80 S2(000FFE80)=00000010
 800FFD04 2 D203D38C5000 MVC   S1(000FFF2C)=00000001 S2(000FFE90)=00000001='....'
 800FFD0A 2 D2035000D3A4 MVC   S1(000FFE90)=00000001 S2(000FFF44)=00000000='....'
 800FFD10 2 58540000     L     R5=000FFE90 S2(000FFE80)=00000010
 800FFD14 2 5B50D3A8     S     R5=00000010 S2(000FFF48)=00000004
 800FFD18 2 50540000     ST    R5=0000000C S2(000FFE80)=00000010
 800FFD1C 2 07F2         BR    R2(800FFCBA)=5840D394 L    
 800FFCBA 2 5840D394     L     R4=000FFE80 S2(000FFF34)=000FFED8
 800FFCBE 2 4520D186     BAL   R2=800FFCBA S2(000FFD26)=1854 LR   
 800FFD26 2 1854         LR    R5=0000000C R4=000FFED8
 800FFD28 2 5A540000     A     R5=000FFED8 S2(000FFED8)=00000000
 800FFD2C 2 5A50D3A8     A     R5=000FFED8 S2(000FFF48)=00000004
 800FFD30 2 D2035000D38C MVC   S1(000FFEDC)=00000000 S2(000FFF2C)=00000001='....'
 800FFD36 2 58540000     L     R5=000FFEDC S2(000FFED8)=00000000
 800FFD3A 2 5A50D3A8     A     R5=00000000 S2(000FFF48)=00000004
 800FFD3E 2 50540000     ST    R5=00000004 S2(000FFED8)=00000000
 800FFD42 2 07F2         BR    R2(800FFCC2)=5820D388 L    
 800FFCC2 2 5820D388     L     R2=800FFCC2 S2(000FFF28)=800FFC42
 800FFCC6 2 07F2         BR    R2(800FFC42)=4520D1DA BAL  
 800FFC42 2 4520D1DA     BAL   R2=800FFC42 S2(000FFD7A)=D21DD368D434 MVC  
 800FFD7A 2 D21DD368D434 MVC   S1(000FFF08)=E7E7E7E7404040404040404040404040 S2(000FFFD4)=40404040404040404040404040404040='                '
 800FFD80 2 41600024     LA    R6=FFFFFFFF S2(00000024)
 800FFD84 2 5020D388     ST    R2=800FFC46 S2(000FFF28)=800FFC42
 800FFD88 2 41400000     LA    R4=000FFED8 S2(00000000)
 800FFD8C 2 4180D2E4     LA    R8=000FFEDC S2(000FFE84)
 800FFD90 2 4520D224     BAL   R2=800FFC46 S2(000FFDC4)=1A86 AR   
 800FFDC4 2 1A86         AR    R8=000FFE84 R6=00000024
 800FFDC6 2 D5038000D3A4 CLC   S1(000FFEA8)=00000000 S2(000FFF44)=00000000='....'
 800FFDCC 0 4780D248     BE    S2(000FFDE8)=07F2 BR   
 800FFDE8 0 07F2         BR    R2(800FFD94)=4140000A LA   
 800FFD94 0 4140000A     LA    R4=00000000 S2(0000000A)
 800FFD98 0 4180D310     LA    R8=000FFEA8 S2(000FFEB0)
 800FFD9C 0 4520D224     BAL   R2=800FFD94 S2(000FFDC4)=1A86 AR   
 800FFDC4 0 1A86         AR    R8=000FFEB0 R6=00000024
 800FFDC6 2 D5038000D3A4 CLC   S1(000FFED4)=00000000 S2(000FFF44)=00000000='....'
 800FFDCC 0 4780D248     BE    S2(000FFDE8)=07F2 BR   
 800FFDE8 0 07F2         BR    R2(800FFDA0)=41400014 LA   
 800FFDA0 0 41400014     LA    R4=0000000A S2(00000014)
 800FFDA4 0 4180D33C     LA    R8=000FFED4 S2(000FFEDC)
 800FFDA8 0 4520D224     BAL   R2=800FFDA0 S2(000FFDC4)=1A86 AR   
 800FFDC4 0 1A86         AR    R8=000FFEDC R6=00000024
 800FFDC6 2 D5038000D3A4 CLC   S1(000FFF00)=00000000 S2(000FFF44)=00000000='....'
 800FFDCC 0 4780D248     BE    S2(000FFDE8)=07F2 BR   
 800FFDE8 0 07F2         BR    R2(800FFDAC)=4110D364 LA   
 800FFDAC 0 4110D364     LA    R1=000FFF04 S2(000FFF04)
 800FFDB0 0 0A23         SVC   I1=23 WTO R1=ADDR(AL2(LEN),AL2(FLAGS),C'MSG')

 800FFDB2 0 5B60D3A8     S     R6=00000024 S2(000FFF48)=00000004
 800FFDB6 2 5960D3A4     C     R6=00000020 S2(000FFF44)=00000000
 800FFDBA 2 47B0D1E8     BNL   S2(000FFD88)=41400000 LA   
 800FFD88 2 41400000     LA    R4=00000014 S2(00000000)
 800FFD8C 2 4180D2E4     LA    R8=000FFF00 S2(000FFE84)
 800FFD90 2 4520D224     BAL   R2=800FFDAC S2(000FFDC4)=1A86 AR   
 800FFDC4 2 1A86         AR    R8=000FFE84 R6=00000020
 800FFDC6 2 D5038000D3A4 CLC   S1(000FFEA4)=00000000 S2(000FFF44)=00000000='....'
 800FFDCC 0 4780D248     BE    S2(000FFDE8)=07F2 BR   
 800FFDE8 0 07F2         BR    R2(800FFD94)=4140000A LA   
 800FFD94 0 4140000A     LA    R4=00000000 S2(0000000A)
 800FFD98 0 4180D310     LA    R8=000FFEA4 S2(000FFEB0)
 800FFD9C 0 4520D224     BAL   R2=800FFD94 S2(000FFDC4)=1A86 AR   
 800FFDC4 0 1A86         AR    R8=000FFEB0 R6=00000020
 800FFDC6 2 D5038000D3A4 CLC   S1(000FFED0)=00000000 S2(000FFF44)=00000000='....'
 800FFDCC 0 4780D248     BE    S2(000FFDE8)=07F2 BR   
 800FFDE8 0 07F2         BR    R2(800FFDA0)=41400014 LA   
 800FFDA0 0 41400014     LA    R4=0000000A S2(00000014)
 800FFDA4 0 4180D33C     LA    R8=000FFED0 S2(000FFEDC)
 800FFDA8 0 4520D224     BAL   R2=800FFDA0 S2(000FFDC4)=1A86 AR   
 800FFDC4 0 1A86         AR    R8=000FFEDC R6=00000020
 800FFDC6 2 D5038000D3A4 CLC   S1(000FFEFC)=00000000 S2(000FFF44)=00000000='....'
 800FFDCC 0 4780D248     BE    S2(000FFDE8)=07F2 BR   
 800FFDE8 0 07F2         BR    R2(800FFDAC)=4110D364 LA   
 800FFDAC 0 4110D364     LA    R1=000FFF04 S2(000FFF04)
 800FFDB0 0 0A23         SVC   I1=23 WTO R1=ADDR(AL2(LEN),AL2(FLAGS),C'MSG')

 800FFDB2 0 5B60D3A8     S     R6=00000020 S2(000FFF48)=00000004
 800FFDB6 2 5960D3A4     C     R6=0000001C S2(000FFF44)=00000000
 800FFDBA 2 47B0D1E8     BNL   S2(000FFD88)=41400000 LA   
 800FFD88 2 41400000     LA    R4=00000014 S2(00000000)
 800FFD8C 2 4180D2E4     LA    R8=000FFEFC S2(000FFE84)
 800FFD90 2 4520D224     BAL   R2=800FFDAC S2(000FFDC4)=1A86 AR   
 800FFDC4 2 1A86         AR    R8=000FFE84 R6=0000001C
 800FFDC6 2 D5038000D3A4 CLC   S1(000FFEA0)=00000000 S2(000FFF44)=00000000='....'
 800FFDCC 0 4780D248     BE    S2(000FFDE8)=07F2 BR   
 800FFDE8 0 07F2         BR    R2(800FFD94)=4140000A LA   
 800FFD94 0 4140000A     LA    R4=00000000 S2(0000000A)
 800FFD98 0 4180D310     LA    R8=000FFEA0 S2(000FFEB0)
 800FFD9C 0 4520D224     BAL   R2=800FFD94 S2(000FFDC4)=1A86 AR   
 800FFDC4 0 1A86         AR    R8=000FFEB0 R6=0000001C
 800FFDC6 2 D5038000D3A4 CLC   S1(000FFECC)=00000000 S2(000FFF44)=00000000='....'
 800FFDCC 0 4780D248     BE    S2(000FFDE8)=07F2 BR   
 800FFDE8 0 07F2         BR    R2(800FFDA0)=41400014 LA   
 800FFDA0 0 41400014     LA    R4=0000000A S2(00000014)
 800FFDA4 0 4180D33C     LA    R8=000FFECC S2(000FFEDC)
 800FFDA8 0 4520D224     BAL   R2=800FFDA0 S2(000FFDC4)=1A86 AR   
 800FFDC4 0 1A86         AR    R8=000FFEDC R6=0000001C
 800FFDC6 2 D5038000D3A4 CLC   S1(000FFEF8)=00000000 S2(000FFF44)=00000000='....'
 800FFDCC 0 4780D248     BE    S2(000FFDE8)=07F2 BR   
 800FFDE8 0 07F2         BR    R2(800FFDAC)=4110D364 LA   
 800FFDAC 0 4110D364     LA    R1=000FFF04 S2(000FFF04)
 800FFDB0 0 0A23         SVC   I1=23 WTO R1=ADDR(AL2(LEN),AL2(FLAGS),C'MSG')

 800FFDB2 0 5B60D3A8     S     R6=0000001C S2(000FFF48)=00000004
 800FFDB6 2 5960D3A4     C     R6=00000018 S2(000FFF44)=00000000
 800FFDBA 2 47B0D1E8     BNL   S2(000FFD88)=41400000 LA   
 800FFD88 2 41400000     LA    R4=00000014 S2(00000000)
 800FFD8C 2 4180D2E4     LA    R8=000FFEF8 S2(000FFE84)
 800FFD90 2 4520D224     BAL   R2=800FFDAC S2(000FFDC4)=1A86 AR   
 800FFDC4 2 1A86         AR    R8=000FFE84 R6=00000018
 800FFDC6 2 D5038000D3A4 CLC   S1(000FFE9C)=00000000 S2(000FFF44)=00000000='....'
 800FFDCC 0 4780D248     BE    S2(000FFDE8)=07F2 BR   
 800FFDE8 0 07F2         BR    R2(800FFD94)=4140000A LA   
 800FFD94 0 4140000A     LA    R4=00000000 S2(0000000A)
 800FFD98 0 4180D310     LA    R8=000FFE9C S2(000FFEB0)
 800FFD9C 0 4520D224     BAL   R2=800FFD94 S2(000FFDC4)=1A86 AR   
 800FFDC4 0 1A86         AR    R8=000FFEB0 R6=00000018
 800FFDC6 2 D5038000D3A4 CLC   S1(000FFEC8)=00000000 S2(000FFF44)=00000000='....'
 800FFDCC 0 4780D248     BE    S2(000FFDE8)=07F2 BR   
 800FFDE8 0 07F2         BR    R2(800FFDA0)=41400014 LA   
 800FFDA0 0 41400014     LA    R4=0000000A S2(00000014)
 800FFDA4 0 4180D33C     LA    R8=000FFEC8 S2(000FFEDC)
 800FFDA8 0 4520D224     BAL   R2=800FFDA0 S2(000FFDC4)=1A86 AR   
 800FFDC4 0 1A86         AR    R8=000FFEDC R6=00000018
 800FFDC6 2 D5038000D3A4 CLC   S1(000FFEF4)=00000000 S2(000FFF44)=00000000='....'
 800FFDCC 0 4780D248     BE    S2(000FFDE8)=07F2 BR   
 800FFDE8 0 07F2         BR    R2(800FFDAC)=4110D364 LA   
 800FFDAC 0 4110D364     LA    R1=000FFF04 S2(000FFF04)
 800FFDB0 0 0A23         SVC   I1=23 WTO R1=ADDR(AL2(LEN),AL2(FLAGS),C'MSG')

 800FFDB2 0 5B60D3A8     S     R6=00000018 S2(000FFF48)=00000004
 800FFDB6 2 5960D3A4     C     R6=00000014 S2(000FFF44)=00000000
 800FFDBA 2 47B0D1E8     BNL   S2(000FFD88)=41400000 LA   
 800FFD88 2 41400000     LA    R4=00000014 S2(00000000)
 800FFD8C 2 4180D2E4     LA    R8=000FFEF4 S2(000FFE84)
 800FFD90 2 4520D224     BAL   R2=800FFDAC S2(000FFDC4)=1A86 AR   
 800FFDC4 2 1A86         AR    R8=000FFE84 R6=00000014
 800FFDC6 2 D5038000D3A4 CLC   S1(000FFE98)=00000000 S2(000FFF44)=00000000='....'
 800FFDCC 0 4780D248     BE    S2(000FFDE8)=07F2 BR   
 800FFDE8 0 07F2         BR    R2(800FFD94)=4140000A LA   
 800FFD94 0 4140000A     LA    R4=00000000 S2(0000000A)
 800FFD98 0 4180D310     LA    R8=000FFE98 S2(000FFEB0)
 800FFD9C 0 4520D224     BAL   R2=800FFD94 S2(000FFDC4)=1A86 AR   
 800FFDC4 0 1A86         AR    R8=000FFEB0 R6=00000014
 800FFDC6 2 D5038000D3A4 CLC   S1(000FFEC4)=00000000 S2(000FFF44)=00000000='....'
 800FFDCC 0 4780D248     BE    S2(000FFDE8)=07F2 BR   
 800FFDE8 0 07F2         BR    R2(800FFDA0)=41400014 LA   
 800FFDA0 0 41400014     LA    R4=0000000A S2(00000014)
 800FFDA4 0 4180D33C     LA    R8=000FFEC4 S2(000FFEDC)
 800FFDA8 0 4520D224     BAL   R2=800FFDA0 S2(000FFDC4)=1A86 AR   
 800FFDC4 0 1A86         AR    R8=000FFEDC R6=00000014
 800FFDC6 2 D5038000D3A4 CLC   S1(000FFEF0)=00000000 S2(000FFF44)=00000000='....'
 800FFDCC 0 4780D248     BE    S2(000FFDE8)=07F2 BR   
 800FFDE8 0 07F2         BR    R2(800FFDAC)=4110D364 LA   
 800FFDAC 0 4110D364     LA    R1=000FFF04 S2(000FFF04)
 800FFDB0 0 0A23         SVC   I1=23 WTO R1=ADDR(AL2(LEN),AL2(FLAGS),C'MSG')

 800FFDB2 0 5B60D3A8     S     R6=00000014 S2(000FFF48)=00000004
 800FFDB6 2 5960D3A4     C     R6=00000010 S2(000FFF44)=00000000
 800FFDBA 2 47B0D1E8     BNL   S2(000FFD88)=41400000 LA   
 800FFD88 2 41400000     LA    R4=00000014 S2(00000000)
 800FFD8C 2 4180D2E4     LA    R8=000FFEF0 S2(000FFE84)
 800FFD90 2 4520D224     BAL   R2=800FFDAC S2(000FFDC4)=1A86 AR   
 800FFDC4 2 1A86         AR    R8=000FFE84 R6=00000010
 800FFDC6 2 D5038000D3A4 CLC   S1(000FFE94)=00000000 S2(000FFF44)=00000000='....'
 800FFDCC 0 4780D248     BE    S2(000FFDE8)=07F2 BR   
 800FFDE8 0 07F2         BR    R2(800FFD94)=4140000A LA   
 800FFD94 0 4140000A     LA    R4=00000000 S2(0000000A)
 800FFD98 0 4180D310     LA    R8=000FFE94 S2(000FFEB0)
 800FFD9C 0 4520D224     BAL   R2=800FFD94 S2(000FFDC4)=1A86 AR   
 800FFDC4 0 1A86         AR    R8=000FFEB0 R6=00000010
 800FFDC6 2 D5038000D3A4 CLC   S1(000FFEC0)=00000000 S2(000FFF44)=00000000='....'
 800FFDCC 0 4780D248     BE    S2(000FFDE8)=07F2 BR   
 800FFDE8 0 07F2         BR    R2(800FFDA0)=41400014 LA   
 800FFDA0 0 41400014     LA    R4=0000000A S2(00000014)
 800FFDA4 0 4180D33C     LA    R8=000FFEC0 S2(000FFEDC)
 800FFDA8 0 4520D224     BAL   R2=800FFDA0 S2(000FFDC4)=1A86 AR   
 800FFDC4 0 1A86         AR    R8=000FFEDC R6=00000010
 800FFDC6 2 D5038000D3A4 CLC   S1(000FFEEC)=00000000 S2(000FFF44)=00000000='....'
 800FFDCC 0 4780D248     BE    S2(000FFDE8)=07F2 BR   
 800FFDE8 0 07F2         BR    R2(800FFDAC)=4110D364 LA   
 800FFDAC 0 4110D364     LA    R1=000FFF04 S2(000FFF04)
 800FFDB0 0 0A23         SVC   I1=23 WTO R1=ADDR(AL2(LEN),AL2(FLAGS),C'MSG')

 800FFDB2 0 5B60D3A8     S     R6=00000010 S2(000FFF48)=00000004
 800FFDB6 2 5960D3A4     C     R6=0000000C S2(000FFF44)=00000000
 800FFDBA 2 47B0D1E8     BNL   S2(000FFD88)=41400000 LA   
 800FFD88 2 41400000     LA    R4=00000014 S2(00000000)
 800FFD8C 2 4180D2E4     LA    R8=000FFEEC S2(000FFE84)
 800FFD90 2 4520D224     BAL   R2=800FFDAC S2(000FFDC4)=1A86 AR   
 800FFDC4 2 1A86         AR    R8=000FFE84 R6=0000000C
 800FFDC6 2 D5038000D3A4 CLC   S1(000FFE90)=00000000 S2(000FFF44)=00000000='....'
 800FFDCC 0 4780D248     BE    S2(000FFDE8)=07F2 BR   
 800FFDE8 0 07F2         BR    R2(800FFD94)=4140000A LA   
 800FFD94 0 4140000A     LA    R4=00000000 S2(0000000A)
 800FFD98 0 4180D310     LA    R8=000FFE90 S2(000FFEB0)
 800FFD9C 0 4520D224     BAL   R2=800FFD94 S2(000FFDC4)=1A86 AR   
 800FFDC4 0 1A86         AR    R8=000FFEB0 R6=0000000C
 800FFDC6 2 D5038000D3A4 CLC   S1(000FFEBC)=00000000 S2(000FFF44)=00000000='....'
 800FFDCC 0 4780D248     BE    S2(000FFDE8)=07F2 BR   
 800FFDE8 0 07F2         BR    R2(800FFDA0)=41400014 LA   
 800FFDA0 0 41400014     LA    R4=0000000A S2(00000014)
 800FFDA4 0 4180D33C     LA    R8=000FFEBC S2(000FFEDC)
 800FFDA8 0 4520D224     BAL   R2=800FFDA0 S2(000FFDC4)=1A86 AR   
 800FFDC4 0 1A86         AR    R8=000FFEDC R6=0000000C
 800FFDC6 2 D5038000D3A4 CLC   S1(000FFEE8)=00000000 S2(000FFF44)=00000000='....'
 800FFDCC 0 4780D248     BE    S2(000FFDE8)=07F2 BR   
 800FFDE8 0 07F2         BR    R2(800FFDAC)=4110D364 LA   
 800FFDAC 0 4110D364     LA    R1=000FFF04 S2(000FFF04)
 800FFDB0 0 0A23         SVC   I1=23 WTO R1=ADDR(AL2(LEN),AL2(FLAGS),C'MSG')

 800FFDB2 0 5B60D3A8     S     R6=0000000C S2(000FFF48)=00000004
 800FFDB6 2 5960D3A4     C     R6=00000008 S2(000FFF44)=00000000
 800FFDBA 2 47B0D1E8     BNL   S2(000FFD88)=41400000 LA   
 800FFD88 2 41400000     LA    R4=00000014 S2(00000000)
 800FFD8C 2 4180D2E4     LA    R8=000FFEE8 S2(000FFE84)
 800FFD90 2 4520D224     BAL   R2=800FFDAC S2(000FFDC4)=1A86 AR   
 800FFDC4 2 1A86         AR    R8=000FFE84 R6=00000008
 800FFDC6 2 D5038000D3A4 CLC   S1(000FFE8C)=00000002 S2(000FFF44)=00000000='....'
 800FFDCC 2 4780D248     BE    S2(000FFDE8)=07F2 BR   
 800FFDD0 2 58880000     L     R8=000FFE8C S2(000FFE8C)=00000002
 800FFDD4 2 4170D368     LA    R7=000FFF0C S2(000FFF08)
 800FFDD8 2 1A74         AR    R7=000FFF08 R4=00000000
 800FFDDA 2 D2007000D452 MVC   S1(000FFF08)=40 S2(000FFFF2)=E7='.'
 800FFDE0 2 5A70D3A0     A     R7=000FFF08 S2(000FFF40)=00000001
 800FFDE4 2 4680D23A     BCT   R8=00000002 S2(000FFDDA)=D2007000
 800FFDDA 2 D2007000D452 MVC   S1(000FFF09)=40 S2(000FFFF2)=E7='.'
 800FFDE0 2 5A70D3A0     A     R7=000FFF09 S2(000FFF40)=00000001
 800FFDE4 2 4680D23A     BCT   R8=00000001 S2(000FFDDA)=D2007000
 800FFDE8 2 07F2         BR    R2(800FFD94)=4140000A LA   
 800FFD94 2 4140000A     LA    R4=00000000 S2(0000000A)
 800FFD98 2 4180D310     LA    R8=00000000 S2(000FFEB0)
 800FFD9C 2 4520D224     BAL   R2=800FFD94 S2(000FFDC4)=1A86 AR   
 800FFDC4 2 1A86         AR    R8=000FFEB0 R6=00000008
 800FFDC6 2 D5038000D3A4 CLC   S1(000FFEB8)=00000000 S2(000FFF44)=00000000='....'
 800FFDCC 0 4780D248     BE    S2(000FFDE8)=07F2 BR   
 800FFDE8 0 07F2         BR    R2(800FFDA0)=41400014 LA   
 800FFDA0 0 41400014     LA    R4=0000000A S2(00000014)
 800FFDA4 0 4180D33C     LA    R8=000FFEB8 S2(000FFEDC)
 800FFDA8 0 4520D224     BAL   R2=800FFDA0 S2(000FFDC4)=1A86 AR   
 800FFDC4 0 1A86         AR    R8=000FFEDC R6=00000008
 800FFDC6 2 D5038000D3A4 CLC   S1(000FFEE4)=00000000 S2(000FFF44)=00000000='....'
 800FFDCC 0 4780D248     BE    S2(000FFDE8)=07F2 BR   
 800FFDE8 0 07F2         BR    R2(800FFDAC)=4110D364 LA   
 800FFDAC 0 4110D364     LA    R1=000FFF04 S2(000FFF04)
 800FFDB0 0 0A23         SVC   I1=23 WTO R1=ADDR(AL2(LEN),AL2(FLAGS),C'MSG')
XX
 800FFDB2 0 5B60D3A8     S     R6=00000008 S2(000FFF48)=00000004
 800FFDB6 2 5960D3A4     C     R6=00000004 S2(000FFF44)=00000000
 800FFDBA 2 47B0D1E8     BNL   S2(000FFD88)=41400000 LA   
 800FFD88 2 41400000     LA    R4=00000014 S2(00000000)
 800FFD8C 2 4180D2E4     LA    R8=000FFEE4 S2(000FFE84)
 800FFD90 2 4520D224     BAL   R2=800FFDAC S2(000FFDC4)=1A86 AR   
 800FFDC4 2 1A86         AR    R8=000FFE84 R6=00000004
 800FFDC6 2 D5038000D3A4 CLC   S1(000FFE88)=00000003 S2(000FFF44)=00000000='....'
 800FFDCC 2 4780D248     BE    S2(000FFDE8)=07F2 BR   
 800FFDD0 2 58880000     L     R8=000FFE88 S2(000FFE88)=00000003
 800FFDD4 2 4170D368     LA    R7=000FFF0A S2(000FFF08)
 800FFDD8 2 1A74         AR    R7=000FFF08 R4=00000000
 800FFDDA 2 D2007000D452 MVC   S1(000FFF08)=E7 S2(000FFFF2)=E7='.'
 800FFDE0 2 5A70D3A0     A     R7=000FFF08 S2(000FFF40)=00000001
 800FFDE4 2 4680D23A     BCT   R8=00000003 S2(000FFDDA)=D2007000
 800FFDDA 2 D2007000D452 MVC   S1(000FFF09)=E7 S2(000FFFF2)=E7='.'
 800FFDE0 2 5A70D3A0     A     R7=000FFF09 S2(000FFF40)=00000001
 800FFDE4 2 4680D23A     BCT   R8=00000002 S2(000FFDDA)=D2007000
 800FFDDA 2 D2007000D452 MVC   S1(000FFF0A)=40 S2(000FFFF2)=E7='.'
 800FFDE0 2 5A70D3A0     A     R7=000FFF0A S2(000FFF40)=00000001
 800FFDE4 2 4680D23A     BCT   R8=00000001 S2(000FFDDA)=D2007000
 800FFDE8 2 07F2         BR    R2(800FFD94)=4140000A LA   
 800FFD94 2 4140000A     LA    R4=00000000 S2(0000000A)
 800FFD98 2 4180D310     LA    R8=00000000 S2(000FFEB0)
 800FFD9C 2 4520D224     BAL   R2=800FFD94 S2(000FFDC4)=1A86 AR   
 800FFDC4 2 1A86         AR    R8=000FFEB0 R6=00000004
 800FFDC6 2 D5038000D3A4 CLC   S1(000FFEB4)=00000000 S2(000FFF44)=00000000='....'
 800FFDCC 0 4780D248     BE    S2(000FFDE8)=07F2 BR   
 800FFDE8 0 07F2         BR    R2(800FFDA0)=41400014 LA   
 800FFDA0 0 41400014     LA    R4=0000000A S2(00000014)
 800FFDA4 0 4180D33C     LA    R8=000FFEB4 S2(000FFEDC)
 800FFDA8 0 4520D224     BAL   R2=800FFDA0 S2(000FFDC4)=1A86 AR   
 800FFDC4 0 1A86         AR    R8=000FFEDC R6=00000004
 800FFDC6 2 D5038000D3A4 CLC   S1(000FFEE0)=00000000 S2(000FFF44)=00000000='....'
 800FFDCC 0 4780D248     BE    S2(000FFDE8)=07F2 BR   
 800FFDE8 0 07F2         BR    R2(800FFDAC)=4110D364 LA   
 800FFDAC 0 4110D364     LA    R1=000FFF04 S2(000FFF04)
 800FFDB0 0 0A23         SVC   I1=23 WTO R1=ADDR(AL2(LEN),AL2(FLAGS),C'MSG')
XXX
 800FFDB2 0 5B60D3A8     S     R6=00000004 S2(000FFF48)=00000004
 800FFDB6 0 5960D3A4     C     R6=00000000 S2(000FFF44)=00000000
 800FFDBA 0 47B0D1E8     BNL   S2(000FFD88)=41400000 LA   
 800FFD88 0 41400000     LA    R4=00000014 S2(00000000)
 800FFD8C 0 4180D2E4     LA    R8=000FFEE0 S2(000FFE84)
 800FFD90 0 4520D224     BAL   R2=800FFDAC S2(000FFDC4)=1A86 AR   
 800FFDC4 0 1A86         AR    R8=000FFE84 R6=00000000
 800FFDC6 2 D5038000D3A4 CLC   S1(000FFE84)=00000004 S2(000FFF44)=00000000='....'
 800FFDCC 2 4780D248     BE    S2(000FFDE8)=07F2 BR   
 800FFDD0 2 58880000     L     R8=000FFE84 S2(000FFE84)=00000004
 800FFDD4 2 4170D368     LA    R7=000FFF0B S2(000FFF08)
 800FFDD8 2 1A74         AR    R7=000FFF08 R4=00000000
 800FFDDA 2 D2007000D452 MVC   S1(000FFF08)=E7 S2(000FFFF2)=E7='.'
 800FFDE0 2 5A70D3A0     A     R7=000FFF08 S2(000FFF40)=00000001
 800FFDE4 2 4680D23A     BCT   R8=00000004 S2(000FFDDA)=D2007000
 800FFDDA 2 D2007000D452 MVC   S1(000FFF09)=E7 S2(000FFFF2)=E7='.'
 800FFDE0 2 5A70D3A0     A     R7=000FFF09 S2(000FFF40)=00000001
 800FFDE4 2 4680D23A     BCT   R8=00000003 S2(000FFDDA)=D2007000
 800FFDDA 2 D2007000D452 MVC   S1(000FFF0A)=E7 S2(000FFFF2)=E7='.'
 800FFDE0 2 5A70D3A0     A     R7=000FFF0A S2(000FFF40)=00000001
 800FFDE4 2 4680D23A     BCT   R8=00000002 S2(000FFDDA)=D2007000
 800FFDDA 2 D2007000D452 MVC   S1(000FFF0B)=40 S2(000FFFF2)=E7='.'
 800FFDE0 2 5A70D3A0     A     R7=000FFF0B S2(000FFF40)=00000001
 800FFDE4 2 4680D23A     BCT   R8=00000001 S2(000FFDDA)=D2007000
 800FFDE8 2 07F2         BR    R2(800FFD94)=4140000A LA   
 800FFD94 2 4140000A     LA    R4=00000000 S2(0000000A)
 800FFD98 2 4180D310     LA    R8=00000000 S2(000FFEB0)
 800FFD9C 2 4520D224     BAL   R2=800FFD94 S2(000FFDC4)=1A86 AR   
 800FFDC4 2 1A86         AR    R8=000FFEB0 R6=00000000
 800FFDC6 2 D5038000D3A4 CLC   S1(000FFEB0)=00000000 S2(000FFF44)=00000000='....'
 800FFDCC 0 4780D248     BE    S2(000FFDE8)=07F2 BR   
 800FFDE8 0 07F2         BR    R2(800FFDA0)=41400014 LA   
 800FFDA0 0 41400014     LA    R4=0000000A S2(00000014)
 800FFDA4 0 4180D33C     LA    R8=000FFEB0 S2(000FFEDC)
 800FFDA8 0 4520D224     BAL   R2=800FFDA0 S2(000FFDC4)=1A86 AR   
 800FFDC4 0 1A86         AR    R8=000FFEDC R6=00000000
 800FFDC6 2 D5038000D3A4 CLC   S1(000FFEDC)=00000001 S2(000FFF44)=00000000='....'
 800FFDCC 2 4780D248     BE    S2(000FFDE8)=07F2 BR   
 800FFDD0 2 58880000     L     R8=000FFEDC S2(000FFEDC)=00000001
 800FFDD4 2 4170D368     LA    R7=000FFF0C S2(000FFF08)
 800FFDD8 2 1A74         AR    R7=000FFF08 R4=00000014
 800FFDDA 2 D2007000D452 MVC   S1(000FFF1C)=40 S2(000FFFF2)=E7='.'
 800FFDE0 2 5A70D3A0     A     R7=000FFF1C S2(000FFF40)=00000001
 800FFDE4 2 4680D23A     BCT   R8=00000001 S2(000FFDDA)=D2007000
 800FFDE8 2 07F2         BR    R2(800FFDAC)=4110D364 LA   
 800FFDAC 2 4110D364     LA    R1=000FFF04 S2(000FFF04)
 800FFDB0 2 0A23         SVC   I1=23 WTO R1=ADDR(AL2(LEN),AL2(FLAGS),C'MSG')
XXXX                X
 800FFDB2 2 5B60D3A8     S     R6=00000000 S2(000FFF48)=00000004
 800FFDB6 1 5960D3A4     C     R6=FFFFFFFC S2(000FFF44)=00000000
 800FFDBA 1 47B0D1E8     BNL   S2(000FFD88)=41400000 LA   
 800FFDBE 1 5820D388     L     R2=800FFDAC S2(000FFF28)=800FFC46
 800FFDC2 1 07F2         BR    R2(800FFC46)=47F0D0D4 B    
 800FFC46 1 47F0D0D4     B     S2(000FFC74)=41F00000 LA   
 800FFC74 1 41F00000     LA    RF=00000000 S2(00000000)
 800FFC78 1 58D0D004     L     RD=800FFBA0 S2(000FFBA4)=00002100
 800FFC7C 1 58E0D00C     L     RE=00002018 S2(0000210C)=00002018
 800FFC80 1 982CD01C     LM    R2=800FFC46 RC=F4F4F4F4 S2(0000211C)=F4F4F4F4
 800FFC84 1 07FE         BR    RE(00002018)=0A03 SVC  
 80002018 1 0A03         SVC   I1=03 EXIT
21:05:48 HANOI     EZ390 ENDED   RC= 0 SEC= 1 MEM(MB)= 25 IO=41 INS=707
