16:22:23 HANOI     EZ390 START USING z390 V1.5.06 ON J2SE 1.8.0_131 05/31/17
test enter command or h for help
test cmd: t 40
 800FFCA0 0 90ECD00C     STM   RE=00002018 RC=F4F4F4F4 S2(0000210C)=00000000
 800FFCA4 0 45FF0068     BAL   RF=800FFCA0 S2(000FFD08)=50FD0008 ST   
 800FFD08 0 50FD0008     ST    RF=800FFCA8 S2(00002108)=00000000
 800FFD0C 0 50DF0004     ST    RD=00002100 S2(000FFCAC)=00000000
 800FFD10 0 18DF         LR    RD=00002100 RF=800FFCA8
 800FFD12 0 4520D0CE     BAL   R2=F4F4F4F4 S2(000FFD76)=D283D1F8D2AC MVC  
 800FFD76 0 D283D1F8D2AC MVC   S1(000FFEA0)=F6F6F6F6F6F6F6F6F6F6F6F6F6F6F6F6 S2(000FFF54)=00000000000000000000000000000000='................'
 800FFD7C 0 5840D1F4     L     R4=F4F4F4F4 S2(000FFE9C)=00000004
 800FFD80 0 5A40D1F4     A     R4=00000004 S2(000FFE9C)=00000004
 800FFD84 2 5A40D1F4     A     R4=00000008 S2(000FFE9C)=00000004
 800FFD88 2 5A40D1F4     A     R4=0000000C S2(000FFE9C)=00000004
 800FFD8C 2 5B40D2A8     S     R4=00000010 S2(000FFF50)=00000004
 800FFD90 2 5040D1F8     ST    R4=0000000C S2(000FFEA0)=00000000
 800FFD94 2 41400000     LA    R4=0000000C S2(00000000)
 800FFD98 2 5850D1F4     L     R5=F4F4F4F4 S2(000FFE9C)=00000004
 800FFD9C 2 5054D1FC     ST    R5=00000004 S2(000FFEA4)=00000000
 800FFDA0 2 5A40D2A8     A     R4=00000000 S2(000FFF50)=00000004
 800FFDA4 2 4650D0F4     BCT   R5=00000004 S2(000FFD9C)=5054D1FC
 800FFD9C 2 5054D1FC     ST    R5=00000003 S2(000FFEA8)=00000000
 800FFDA0 2 5A40D2A8     A     R4=00000004 S2(000FFF50)=00000004
 800FFDA4 2 4650D0F4     BCT   R5=00000003 S2(000FFD9C)=5054D1FC
 800FFD9C 2 5054D1FC     ST    R5=00000002 S2(000FFEAC)=00000000
 800FFDA0 2 5A40D2A8     A     R4=00000008 S2(000FFF50)=00000004
 800FFDA4 2 4650D0F4     BCT   R5=00000002 S2(000FFD9C)=5054D1FC
 800FFD9C 2 5054D1FC     ST    R5=00000001 S2(000FFEB0)=00000000
 800FFDA0 2 5A40D2A8     A     R4=0000000C S2(000FFF50)=00000004
 800FFDA4 2 4650D0F4     BCT   R5=00000001 S2(000FFD9C)=5054D1FC
 800FFDA8 2 07F2         BR    R2(800FFD16)=5850D1F4 L    
 800FFD16 2 5850D1F4     L     R5=00000000 S2(000FFE9C)=00000004
 800FFD1A 2 5450D2A0     N     R5=00000004 S2(000FFF48)=00000001
 800FFD1E 0 5550D2A4     CL    R5=00000000 S2(000FFF4C)=00000000
 800FFD22 0 4780D086     BE    S2(000FFD2E)=4520D11E BAL  
 800FFD2E 0 4520D11E     BAL   R2=800FFD16 S2(000FFDC6)=A715000B BRAS 
 800FFDC6 0 A715000B     BRAS  R1=00002300 S2(000FFDDC)=0A23 SVC  
 800FFDDC 0 0A23         SVC   I1=23 WTO R1=ADDR(AL2(LEN),AL2(FLAGS),C'MSG')
resolucion par
 800FFDDE 0 07F2         BR    R2(800FFD32)=4520D138 BAL  
 800FFD32 0 4520D138     BAL   R2=800FFD32 S2(000FFDE0)=D21DD280D330 MVC  
 800FFDE0 0 D21DD280D330 MVC   S1(000FFF28)=F6F6F6F6F6F6F6F6F6F6F6F6F6F6F6F6 S2(000FFFD8)=40404040404040404040404040404040='                '
 800FFDE6 0 41600024     LA    R6=F4F4F4F4 S2(00000024)
 800FFDEA 0 41400000     LA    R4=00000010 S2(00000000)
 800FFDEE 0 4180D1FC     LA    R8=F4F4F4F4 S2(000FFEA4)
test cmd: t 40
 800FFDEE 0 4180D1FC     LA    R8=F4F4F4F4 S2(000FFEA4)
 800FFDF2 0 1A86         AR    R8=000FFEA4 R6=00000024
 800FFDF4 2 D5038000D2A4 CLC   S1(000FFEC8)=00000000 S2(000FFF4C)=00000000='....'
 800FFDFA 0 4780D174     BE    S2(000FFE1C)=4140000A LA   
 800FFE1C 0 4140000A     LA    R4=00000000 S2(0000000A)
 800FFE20 0 41400014     LA    R4=0000000A S2(00000014)
 800FFE24 0 5B60D2A8     S     R6=00000024 S2(000FFF50)=00000004
 800FFE28 2 5960D2A4     C     R6=00000020 S2(000FFF4C)=00000000
 800FFE2C 2 4110D27C     LA    R1=800FFDCA S2(000FFF24)
 800FFE30 2 0A23         SVC   I1=23 WTO R1=ADDR(AL2(LEN),AL2(FLAGS),C'MSG')

 800FFE32 2 47B0D142     BNL   S2(000FFDEA)=41400000 LA   
 800FFDEA 2 41400000     LA    R4=00000014 S2(00000000)
 800FFDEE 2 4180D1FC     LA    R8=000FFEC8 S2(000FFEA4)
 800FFDF2 2 1A86         AR    R8=000FFEA4 R6=00000020
 800FFDF4 2 D5038000D2A4 CLC   S1(000FFEC4)=00000000 S2(000FFF4C)=00000000='....'
 800FFDFA 0 4780D174     BE    S2(000FFE1C)=4140000A LA   
 800FFE1C 0 4140000A     LA    R4=00000000 S2(0000000A)
 800FFE20 0 41400014     LA    R4=0000000A S2(00000014)
 800FFE24 0 5B60D2A8     S     R6=00000020 S2(000FFF50)=00000004
 800FFE28 2 5960D2A4     C     R6=0000001C S2(000FFF4C)=00000000
 800FFE2C 2 4110D27C     LA    R1=000FFF24 S2(000FFF24)
 800FFE30 2 0A23         SVC   I1=23 WTO R1=ADDR(AL2(LEN),AL2(FLAGS),C'MSG')

 800FFE32 2 47B0D142     BNL   S2(000FFDEA)=41400000 LA   
 800FFDEA 2 41400000     LA    R4=00000014 S2(00000000)
 800FFDEE 2 4180D1FC     LA    R8=000FFEC4 S2(000FFEA4)
 800FFDF2 2 1A86         AR    R8=000FFEA4 R6=0000001C
 800FFDF4 2 D5038000D2A4 CLC   S1(000FFEC0)=00000000 S2(000FFF4C)=00000000='....'
 800FFDFA 0 4780D174     BE    S2(000FFE1C)=4140000A LA   
 800FFE1C 0 4140000A     LA    R4=00000000 S2(0000000A)
 800FFE20 0 41400014     LA    R4=0000000A S2(00000014)
 800FFE24 0 5B60D2A8     S     R6=0000001C S2(000FFF50)=00000004
 800FFE28 2 5960D2A4     C     R6=00000018 S2(000FFF4C)=00000000
 800FFE2C 2 4110D27C     LA    R1=000FFF24 S2(000FFF24)
 800FFE30 2 0A23         SVC   I1=23 WTO R1=ADDR(AL2(LEN),AL2(FLAGS),C'MSG')

 800FFE32 2 47B0D142     BNL   S2(000FFDEA)=41400000 LA   
 800FFDEA 2 41400000     LA    R4=00000014 S2(00000000)
 800FFDEE 2 4180D1FC     LA    R8=000FFEC0 S2(000FFEA4)
 800FFDF2 2 1A86         AR    R8=000FFEA4 R6=00000018
 800FFDF4 2 D5038000D2A4 CLC   S1(000FFEBC)=00000000 S2(000FFF4C)=00000000='....'
 800FFDFA 0 4780D174     BE    S2(000FFE1C)=4140000A LA   
 800FFE1C 0 4140000A     LA    R4=00000000 S2(0000000A)
test cmd: t 40
 800FFE1C 0 4140000A     LA    R4=00000000 S2(0000000A)
 800FFE20 0 41400014     LA    R4=0000000A S2(00000014)
 800FFE24 0 5B60D2A8     S     R6=00000018 S2(000FFF50)=00000004
 800FFE28 2 5960D2A4     C     R6=00000014 S2(000FFF4C)=00000000
 800FFE2C 2 4110D27C     LA    R1=000FFF24 S2(000FFF24)
 800FFE30 2 0A23         SVC   I1=23 WTO R1=ADDR(AL2(LEN),AL2(FLAGS),C'MSG')

 800FFE32 2 47B0D142     BNL   S2(000FFDEA)=41400000 LA   
 800FFDEA 2 41400000     LA    R4=00000014 S2(00000000)
 800FFDEE 2 4180D1FC     LA    R8=000FFEBC S2(000FFEA4)
 800FFDF2 2 1A86         AR    R8=000FFEA4 R6=00000014
 800FFDF4 2 D5038000D2A4 CLC   S1(000FFEB8)=00000000 S2(000FFF4C)=00000000='....'
 800FFDFA 0 4780D174     BE    S2(000FFE1C)=4140000A LA   
 800FFE1C 0 4140000A     LA    R4=00000000 S2(0000000A)
 800FFE20 0 41400014     LA    R4=0000000A S2(00000014)
 800FFE24 0 5B60D2A8     S     R6=00000014 S2(000FFF50)=00000004
 800FFE28 2 5960D2A4     C     R6=00000010 S2(000FFF4C)=00000000
 800FFE2C 2 4110D27C     LA    R1=000FFF24 S2(000FFF24)
 800FFE30 2 0A23         SVC   I1=23 WTO R1=ADDR(AL2(LEN),AL2(FLAGS),C'MSG')

 800FFE32 2 47B0D142     BNL   S2(000FFDEA)=41400000 LA   
 800FFDEA 2 41400000     LA    R4=00000014 S2(00000000)
 800FFDEE 2 4180D1FC     LA    R8=000FFEB8 S2(000FFEA4)
 800FFDF2 2 1A86         AR    R8=000FFEA4 R6=00000010
 800FFDF4 2 D5038000D2A4 CLC   S1(000FFEB4)=00000000 S2(000FFF4C)=00000000='....'
 800FFDFA 0 4780D174     BE    S2(000FFE1C)=4140000A LA   
 800FFE1C 0 4140000A     LA    R4=00000000 S2(0000000A)
 800FFE20 0 41400014     LA    R4=0000000A S2(00000014)
 800FFE24 0 5B60D2A8     S     R6=00000010 S2(000FFF50)=00000004
 800FFE28 2 5960D2A4     C     R6=0000000C S2(000FFF4C)=00000000
 800FFE2C 2 4110D27C     LA    R1=000FFF24 S2(000FFF24)
 800FFE30 2 0A23         SVC   I1=23 WTO R1=ADDR(AL2(LEN),AL2(FLAGS),C'MSG')

 800FFE32 2 47B0D142     BNL   S2(000FFDEA)=41400000 LA   
 800FFDEA 2 41400000     LA    R4=00000014 S2(00000000)
 800FFDEE 2 4180D1FC     LA    R8=000FFEB4 S2(000FFEA4)
 800FFDF2 2 1A86         AR    R8=000FFEA4 R6=0000000C
 800FFDF4 2 D5038000D2A4 CLC   S1(000FFEB0)=00000001 S2(000FFF4C)=00000000='....'
 800FFDFA 2 4780D174     BE    S2(000FFE1C)=4140000A LA   
 800FFDFE 2 4170D1FC     LA    R7=F4F4F4F4 S2(000FFEA4)
 800FFE02 2 1A76         AR    R7=000FFEA4 R6=0000000C
 800FFE04 2 58770000     L     R7=000FFEB0 S2(000FFEB0)=00000001
 800FFE08 2 4180D280     LA    R8=000FFEB0 S2(000FFF28)
 800FFE0C 2 1A84         AR    R8=000FFF28 R4=00000000
test cmd: t 40
 800FFE0C 2 1A84         AR    R8=000FFF28 R4=00000000
 800FFE0E 2 D2008000D34E MVC   S1(000FFF28)=40 S2(000FFFF6)=E7='.'
 800FFE14 2 5A40D2A0     A     R4=00000000 S2(000FFF48)=00000001
 800FFE18 2 4670D160     BCT   R7=00000001 S2(000FFE08)=4180D280
 800FFE1C 2 4140000A     LA    R4=00000001 S2(0000000A)
 800FFE20 2 41400014     LA    R4=0000000A S2(00000014)
 800FFE24 2 5B60D2A8     S     R6=0000000C S2(000FFF50)=00000004
 800FFE28 2 5960D2A4     C     R6=00000008 S2(000FFF4C)=00000000
 800FFE2C 2 4110D27C     LA    R1=000FFF24 S2(000FFF24)
 800FFE30 2 0A23         SVC   I1=23 WTO R1=ADDR(AL2(LEN),AL2(FLAGS),C'MSG')
X
 800FFE32 2 47B0D142     BNL   S2(000FFDEA)=41400000 LA   
 800FFDEA 2 41400000     LA    R4=00000014 S2(00000000)
 800FFDEE 2 4180D1FC     LA    R8=000FFF28 S2(000FFEA4)
 800FFDF2 2 1A86         AR    R8=000FFEA4 R6=00000008
 800FFDF4 2 D5038000D2A4 CLC   S1(000FFEAC)=00000002 S2(000FFF4C)=00000000='....'
 800FFDFA 2 4780D174     BE    S2(000FFE1C)=4140000A LA   
 800FFDFE 2 4170D1FC     LA    R7=00000000 S2(000FFEA4)
 800FFE02 2 1A76         AR    R7=000FFEA4 R6=00000008
 800FFE04 2 58770000     L     R7=000FFEAC S2(000FFEAC)=00000002
 800FFE08 2 4180D280     LA    R8=000FFEAC S2(000FFF28)
 800FFE0C 2 1A84         AR    R8=000FFF28 R4=00000000
 800FFE0E 2 D2008000D34E MVC   S1(000FFF28)=E7 S2(000FFFF6)=E7='.'
 800FFE14 2 5A40D2A0     A     R4=00000000 S2(000FFF48)=00000001
 800FFE18 2 4670D160     BCT   R7=00000002 S2(000FFE08)=4180D280
 800FFE08 2 4180D280     LA    R8=000FFF28 S2(000FFF28)
 800FFE0C 2 1A84         AR    R8=000FFF28 R4=00000001
 800FFE0E 2 D2008000D34E MVC   S1(000FFF29)=40 S2(000FFFF6)=E7='.'
 800FFE14 2 5A40D2A0     A     R4=00000001 S2(000FFF48)=00000001
 800FFE18 2 4670D160     BCT   R7=00000001 S2(000FFE08)=4180D280
 800FFE1C 2 4140000A     LA    R4=00000002 S2(0000000A)
 800FFE20 2 41400014     LA    R4=0000000A S2(00000014)
 800FFE24 2 5B60D2A8     S     R6=00000008 S2(000FFF50)=00000004
 800FFE28 2 5960D2A4     C     R6=00000004 S2(000FFF4C)=00000000
 800FFE2C 2 4110D27C     LA    R1=000FFF24 S2(000FFF24)
 800FFE30 2 0A23         SVC   I1=23 WTO R1=ADDR(AL2(LEN),AL2(FLAGS),C'MSG')
XX
 800FFE32 2 47B0D142     BNL   S2(000FFDEA)=41400000 LA   
 800FFDEA 2 41400000     LA    R4=00000014 S2(00000000)
 800FFDEE 2 4180D1FC     LA    R8=000FFF29 S2(000FFEA4)
 800FFDF2 2 1A86         AR    R8=000FFEA4 R6=00000004
 800FFDF4 2 D5038000D2A4 CLC   S1(000FFEA8)=00000003 S2(000FFF4C)=00000000='....'
 800FFDFA 2 4780D174     BE    S2(000FFE1C)=4140000A LA   
test cmd: t 40
 800FFDFA 2 4780D174     BE    S2(000FFE1C)=4140000A LA   
 800FFDFE 2 4170D1FC     LA    R7=00000000 S2(000FFEA4)
 800FFE02 2 1A76         AR    R7=000FFEA4 R6=00000004
 800FFE04 2 58770000     L     R7=000FFEA8 S2(000FFEA8)=00000003
 800FFE08 2 4180D280     LA    R8=000FFEA8 S2(000FFF28)
 800FFE0C 2 1A84         AR    R8=000FFF28 R4=00000000
 800FFE0E 2 D2008000D34E MVC   S1(000FFF28)=E7 S2(000FFFF6)=E7='.'
 800FFE14 2 5A40D2A0     A     R4=00000000 S2(000FFF48)=00000001
 800FFE18 2 4670D160     BCT   R7=00000003 S2(000FFE08)=4180D280
 800FFE08 2 4180D280     LA    R8=000FFF28 S2(000FFF28)
 800FFE0C 2 1A84         AR    R8=000FFF28 R4=00000001
 800FFE0E 2 D2008000D34E MVC   S1(000FFF29)=E7 S2(000FFFF6)=E7='.'
 800FFE14 2 5A40D2A0     A     R4=00000001 S2(000FFF48)=00000001
 800FFE18 2 4670D160     BCT   R7=00000002 S2(000FFE08)=4180D280
 800FFE08 2 4180D280     LA    R8=000FFF29 S2(000FFF28)
 800FFE0C 2 1A84         AR    R8=000FFF28 R4=00000002
 800FFE0E 2 D2008000D34E MVC   S1(000FFF2A)=40 S2(000FFFF6)=E7='.'
 800FFE14 2 5A40D2A0     A     R4=00000002 S2(000FFF48)=00000001
 800FFE18 2 4670D160     BCT   R7=00000001 S2(000FFE08)=4180D280
 800FFE1C 2 4140000A     LA    R4=00000003 S2(0000000A)
 800FFE20 2 41400014     LA    R4=0000000A S2(00000014)
 800FFE24 2 5B60D2A8     S     R6=00000004 S2(000FFF50)=00000004
 800FFE28 0 5960D2A4     C     R6=00000000 S2(000FFF4C)=00000000
 800FFE2C 0 4110D27C     LA    R1=000FFF24 S2(000FFF24)
 800FFE30 0 0A23         SVC   I1=23 WTO R1=ADDR(AL2(LEN),AL2(FLAGS),C'MSG')
XXX
 800FFE32 0 47B0D142     BNL   S2(000FFDEA)=41400000 LA   
 800FFDEA 0 41400000     LA    R4=00000014 S2(00000000)
 800FFDEE 0 4180D1FC     LA    R8=000FFF2A S2(000FFEA4)
 800FFDF2 0 1A86         AR    R8=000FFEA4 R6=00000000
 800FFDF4 2 D5038000D2A4 CLC   S1(000FFEA4)=00000004 S2(000FFF4C)=00000000='....'
 800FFDFA 2 4780D174     BE    S2(000FFE1C)=4140000A LA   
 800FFDFE 2 4170D1FC     LA    R7=00000000 S2(000FFEA4)
 800FFE02 2 1A76         AR    R7=000FFEA4 R6=00000000
 800FFE04 2 58770000     L     R7=000FFEA4 S2(000FFEA4)=00000004
 800FFE08 2 4180D280     LA    R8=000FFEA4 S2(000FFF28)
 800FFE0C 2 1A84         AR    R8=000FFF28 R4=00000000
 800FFE0E 2 D2008000D34E MVC   S1(000FFF28)=E7 S2(000FFFF6)=E7='.'
 800FFE14 2 5A40D2A0     A     R4=00000000 S2(000FFF48)=00000001
 800FFE18 2 4670D160     BCT   R7=00000004 S2(000FFE08)=4180D280
 800FFE08 2 4180D280     LA    R8=000FFF28 S2(000FFF28)
 800FFE0C 2 1A84         AR    R8=000FFF28 R4=00000001
test cmd: t 40
 800FFE0C 2 1A84         AR    R8=000FFF28 R4=00000001
 800FFE0E 2 D2008000D34E MVC   S1(000FFF29)=E7 S2(000FFFF6)=E7='.'
 800FFE14 2 5A40D2A0     A     R4=00000001 S2(000FFF48)=00000001
 800FFE18 2 4670D160     BCT   R7=00000003 S2(000FFE08)=4180D280
 800FFE08 2 4180D280     LA    R8=000FFF29 S2(000FFF28)
 800FFE0C 2 1A84         AR    R8=000FFF28 R4=00000002
 800FFE0E 2 D2008000D34E MVC   S1(000FFF2A)=E7 S2(000FFFF6)=E7='.'
 800FFE14 2 5A40D2A0     A     R4=00000002 S2(000FFF48)=00000001
 800FFE18 2 4670D160     BCT   R7=00000002 S2(000FFE08)=4180D280
 800FFE08 2 4180D280     LA    R8=000FFF2A S2(000FFF28)
 800FFE0C 2 1A84         AR    R8=000FFF28 R4=00000003
 800FFE0E 2 D2008000D34E MVC   S1(000FFF2B)=40 S2(000FFFF6)=E7='.'
 800FFE14 2 5A40D2A0     A     R4=00000003 S2(000FFF48)=00000001
 800FFE18 2 4670D160     BCT   R7=00000001 S2(000FFE08)=4180D280
 800FFE1C 2 4140000A     LA    R4=00000004 S2(0000000A)
 800FFE20 2 41400014     LA    R4=0000000A S2(00000014)
 800FFE24 2 5B60D2A8     S     R6=00000000 S2(000FFF50)=00000004
 800FFE28 1 5960D2A4     C     R6=FFFFFFFC S2(000FFF4C)=00000000
 800FFE2C 1 4110D27C     LA    R1=000FFF24 S2(000FFF24)
 800FFE30 1 0A23         SVC   I1=23 WTO R1=ADDR(AL2(LEN),AL2(FLAGS),C'MSG')
XXXX
 800FFE32 1 47B0D142     BNL   S2(000FFDEA)=41400000 LA   
 800FFE36 1 07F2         BR    R2(800FFD36)=47F0D0BC B    
 800FFD36 1 47F0D0BC     B     S2(000FFD64)=41F00000 LA   
 800FFD64 1 41F00000     LA    RF=00000000 S2(00000000)
 800FFD68 1 58D0D004     L     RD=800FFCA8 S2(000FFCAC)=00002100
 800FFD6C 1 58E0D00C     L     RE=00002018 S2(0000210C)=00002018
 800FFD70 1 982CD01C     LM    R2=800FFD36 RC=F4F4F4F4 S2(0000211C)=F4F4F4F4
 800FFD74 1 07FE         BR    RE(00002018)=0A03 SVC  
 80002018 1 0A03         SVC   I1=03 EXIT
16:22:45 HANOI     EZ390 ENDED   RC= 0 SEC=21 MEM(MB)= 22 IO=37 INS=229
