17:39:57 HANOI     EZ390 START USING z390 V1.5.06 ON J2SE 1.8.0_131 05/31/17
test enter command or h for help
test cmd: T
 800FFC28 0 90ECD00C     STM   RE=00002018 RC=F4F4F4F4 S2(0000210C)=00000000
 800FFC2C 0 45FF0068     BAL   RF=800FFC28 S2(000FFC90)=50FD0008 ST   
 800FFC90 0 50FD0008     ST    RF=800FFC30 S2(00002108)=00000000
 800FFC94 0 50DF0004     ST    RD=00002100 S2(000FFC34)=00000000
 800FFC98 0 18DF         LR    RD=00002100 RF=800FFC30
 800FFC9A 0 4510D090     BAL   R1=00002300 S2(000FFCC0)=4100D254 LA   
 800FFCC0 0 4100D254     LA    R0=800FFC28 S2(000FFE84)
 800FFCC4 0 41E00002     LA    RE=00002018 S2(00000002)
 800FFCC8 0 41F0D250     LA    RF=800FFC30 S2(000FFE80)
 800FFCCC 0 0AA0         SVC   I1=A0 WTOR R0=REPLY, R1=MSG, R14=LEN, R15=ECB
Ingrese la cantidad de discos:
 800FFCCE 0 1B00         SR    R0=000FFE84 R0=000FFE84
 800FFCD0 0 4110D250     LA    R1=800FFC9E S2(000FFE80)
 800FFCD4 0 0A01         SVC   I1=01 WAIT R0=0/COUNT R1=ECB/ECBLIST
08
 800FFCD6 0 4520D204     BAL   R2=F4F4F4F4 S2(000FFE34)=D500D254D3C8 CLC  
 800FFE34 0 D500D254D3C8 CLC   S1(000FFE84)=F0 S2(000FFFF8)=F0='.'
 800FFE3A 0 4770D22A     BNE   S2(000FFE5A)=D500D254D3CB CLC  
 800FFE3E 0 D500D255D3C9 CLC   S1(000FFE85)=F8 S2(000FFFF9)=F3='.'
 800FFE44 2 4740D246     BL    S2(000FFE76)=D200D260D3CC MVC  
 800FFE48 2 D500D255D3CA CLC   S1(000FFE85)=F8 S2(000FFFFA)=F9='.'
 800FFE4E 1 4720D246     BH    S2(000FFE76)=D200D260D3CC MVC  
 800FFE52 1 D200D260D3C7 MVC   S1(000FFE90)=F6 S2(000FFFF7)=E2='.'
 800FFE58 1 07F2         BR    R2(800FFCDA)=D500D260D3C7 CLC  
 800FFCDA 1 D500D260D3C7 CLC   S1(000FFE90)=E2 S2(000FFFF7)=E2='.'
 800FFCE0 0 4770D0EE     BNE   S2(000FFD1E)=A7150012 BRAS 
 800FFCE4 0 F271D258D254 PACK  S1(000FFE88)=0000000000000000 S2(000FFE84)=F0F8
 800FFCEA 0 4F50D258     CVB   R5=F4F4F4F4 S2(000FFE88)=000000000000008F
 800FFCEE 0 5050D264     ST    R5=00000008 S2(000FFE94)=F6F6F6F6
 800FFCF2 0 4520D12A     BAL   R2=800FFCDA S2(000FFD5A)=D283D268D324 MVC  
 800FFD5A 0 D283D268D324 MVC   S1(000FFE98)=F6F6F6F6F6F6F6F6F6F6F6F6F6F6F6F6 S2(000FFF54)=00000000000000000000000000000000='................'
 800FFD60 0 5840D264     L     R4=F4F4F4F4 S2(000FFE94)=00000008
 800FFD64 0 5A40D264     A     R4=00000008 S2(000FFE94)=00000008
 800FFD68 2 5A40D264     A     R4=00000010 S2(000FFE94)=00000008
 800FFD6C 2 5A40D264     A     R4=00000018 S2(000FFE94)=00000008
 800FFD70 2 5B40D320     S     R4=00000020 S2(000FFF50)=00000004
 800FFD74 2 5040D268     ST    R4=0000001C S2(000FFE98)=00000000
 800FFD78 2 41400000     LA    R4=0000001C S2(00000000)
 800FFD7C 2 5850D264     L     R5=00000008 S2(000FFE94)=00000008
 800FFD80 2 5054D26C     ST    R5=00000008 S2(000FFE9C)=00000000
 800FFD84 2 5A40D320     A     R4=00000000 S2(000FFF50)=00000004
 800FFD88 2 4650D150     BCT   R5=00000008 S2(000FFD80)=5054D26C
 800FFD80 2 5054D26C     ST    R5=00000007 S2(000FFEA0)=00000000
 800FFD84 2 5A40D320     A     R4=00000004 S2(000FFF50)=00000004
 800FFD88 2 4650D150     BCT   R5=00000007 S2(000FFD80)=5054D26C
 800FFD80 2 5054D26C     ST    R5=00000006 S2(000FFEA4)=00000000
 800FFD84 2 5A40D320     A     R4=00000008 S2(000FFF50)=00000004
 800FFD88 2 4650D150     BCT   R5=00000006 S2(000FFD80)=5054D26C
 800FFD80 2 5054D26C     ST    R5=00000005 S2(000FFEA8)=00000000
 800FFD84 2 5A40D320     A     R4=0000000C S2(000FFF50)=00000004
 800FFD88 2 4650D150     BCT   R5=00000005 S2(000FFD80)=5054D26C
 800FFD80 2 5054D26C     ST    R5=00000004 S2(000FFEAC)=00000000
 800FFD84 2 5A40D320     A     R4=00000010 S2(000FFF50)=00000004
 800FFD88 2 4650D150     BCT   R5=00000004 S2(000FFD80)=5054D26C
 800FFD80 2 5054D26C     ST    R5=00000003 S2(000FFEB0)=00000000
 800FFD84 2 5A40D320     A     R4=00000014 S2(000FFF50)=00000004
 800FFD88 2 4650D150     BCT   R5=00000003 S2(000FFD80)=5054D26C
 800FFD80 2 5054D26C     ST    R5=00000002 S2(000FFEB4)=00000000
 800FFD84 2 5A40D320     A     R4=00000018 S2(000FFF50)=00000004
 800FFD88 2 4650D150     BCT   R5=00000002 S2(000FFD80)=5054D26C
 800FFD80 2 5054D26C     ST    R5=00000001 S2(000FFEB8)=00000000
 800FFD84 2 5A40D320     A     R4=0000001C S2(000FFF50)=00000004
 800FFD88 2 4650D150     BCT   R5=00000001 S2(000FFD80)=5054D26C
 800FFD8C 2 07F2         BR    R2(800FFCF6)=5850D264 L    
 800FFCF6 2 5850D264     L     R5=00000000 S2(000FFE94)=00000008
 800FFCFA 2 5450D318     N     R5=00000008 S2(000FFF48)=00000001
 800FFCFE 0 5550D31C     CL    R5=00000000 S2(000FFF4C)=00000000
 800FFD02 0 4780D0E2     BE    S2(000FFD12)=4520D17A BAL  
 800FFD12 0 4520D17A     BAL   R2=800FFCF6 S2(000FFDAA)=A715000B BRAS 
 800FFDAA 0 A715000B     BRAS  R1=000FFE80 S2(000FFDC0)=0A23 SVC  
 800FFDC0 0 0A23         SVC   I1=23 WTO R1=ADDR(AL2(LEN),AL2(FLAGS),C'MSG')
resolucion par
 800FFDC2 0 07F2         BR    R2(800FFD16)=4520D194 BAL  
 800FFD16 0 4520D194     BAL   R2=800FFD16 S2(000FFDC4)=D21DD2F0D3A8 MVC  
 800FFDC4 0 D21DD2F0D3A8 MVC   S1(000FFF20)=F6F6F6F6F6F6F6F6F6F6F6F6F6F6F6F6 S2(000FFFD8)=40404040404040404040404040404040='                '
 800FFDCA 0 41600024     LA    R6=F4F4F4F4 S2(00000024)
 800FFDCE 0 5020D310     ST    R2=800FFD1A S2(000FFF40)=F6F6F6F6
 800FFDD2 0 41400000     LA    R4=00000020 S2(00000000)
 800FFDD6 0 4180D26C     LA    R8=F4F4F4F4 S2(000FFE9C)
 800FFDDA 0 4520D1DE     BAL   R2=800FFD1A S2(000FFE0E)=1A86 AR   
 800FFE0E 0 1A86         AR    R8=000FFE9C R6=00000024
 800FFE10 2 D5038000D31C CLC   S1(000FFEC0)=00000000 S2(000FFF4C)=00000000='....'
 800FFE16 0 4780D202     BE    S2(000FFE32)=07F2 BR   
 800FFE32 0 07F2         BR    R2(800FFDDE)=4140000A LA   
 800FFDDE 0 4140000A     LA    R4=00000000 S2(0000000A)
 800FFDE2 0 4180D298     LA    R8=000FFEC0 S2(000FFEC8)
 800FFDE6 0 4520D1DE     BAL   R2=800FFDDE S2(000FFE0E)=1A86 AR   
 800FFE0E 0 1A86         AR    R8=000FFEC8 R6=00000024
 800FFE10 2 D5038000D31C CLC   S1(000FFEEC)=00000000 S2(000FFF4C)=00000000='....'
 800FFE16 0 4780D202     BE    S2(000FFE32)=07F2 BR   
 800FFE32 0 07F2         BR    R2(800FFDEA)=41400014 LA   
 800FFDEA 0 41400014     LA    R4=0000000A S2(00000014)
 800FFDEE 0 4180D2C4     LA    R8=000FFEEC S2(000FFEF4)
 800FFDF2 0 4520D1DE     BAL   R2=800FFDEA S2(000FFE0E)=1A86 AR   
 800FFE0E 0 1A86         AR    R8=000FFEF4 R6=00000024
 800FFE10 2 D5038000D31C CLC   S1(000FFF18)=00000000 S2(000FFF4C)=00000000='....'
 800FFE16 0 4780D202     BE    S2(000FFE32)=07F2 BR   
 800FFE32 0 07F2         BR    R2(800FFDF6)=4110D2EC LA   
 800FFDF6 0 4110D2EC     LA    R1=800FFDAE S2(000FFF1C)
 800FFDFA 0 0A23         SVC   I1=23 WTO R1=ADDR(AL2(LEN),AL2(FLAGS),C'MSG')

 800FFDFC 0 5B60D320     S     R6=00000024 S2(000FFF50)=00000004
 800FFE00 2 5960D31C     C     R6=00000020 S2(000FFF4C)=00000000
 800FFE04 2 47B0D1A2     BNL   S2(000FFDD2)=41400000 LA   
 800FFDD2 2 41400000     LA    R4=00000014 S2(00000000)
 800FFDD6 2 4180D26C     LA    R8=000FFF18 S2(000FFE9C)
 800FFDDA 2 4520D1DE     BAL   R2=800FFDF6 S2(000FFE0E)=1A86 AR   
 800FFE0E 2 1A86         AR    R8=000FFE9C R6=00000020
 800FFE10 2 D5038000D31C CLC   S1(000FFEBC)=00000000 S2(000FFF4C)=00000000='....'
 800FFE16 0 4780D202     BE    S2(000FFE32)=07F2 BR   
 800FFE32 0 07F2         BR    R2(800FFDDE)=4140000A LA   
 800FFDDE 0 4140000A     LA    R4=00000000 S2(0000000A)
 800FFDE2 0 4180D298     LA    R8=000FFEBC S2(000FFEC8)
 800FFDE6 0 4520D1DE     BAL   R2=800FFDDE S2(000FFE0E)=1A86 AR   
 800FFE0E 0 1A86         AR    R8=000FFEC8 R6=00000020
 800FFE10 2 D5038000D31C CLC   S1(000FFEE8)=00000000 S2(000FFF4C)=00000000='....'
 800FFE16 0 4780D202     BE    S2(000FFE32)=07F2 BR   
 800FFE32 0 07F2         BR    R2(800FFDEA)=41400014 LA   
 800FFDEA 0 41400014     LA    R4=0000000A S2(00000014)
 800FFDEE 0 4180D2C4     LA    R8=000FFEE8 S2(000FFEF4)
 800FFDF2 0 4520D1DE     BAL   R2=800FFDEA S2(000FFE0E)=1A86 AR   
 800FFE0E 0 1A86         AR    R8=000FFEF4 R6=00000020
 800FFE10 2 D5038000D31C CLC   S1(000FFF14)=00000000 S2(000FFF4C)=00000000='....'
 800FFE16 0 4780D202     BE    S2(000FFE32)=07F2 BR   
 800FFE32 0 07F2         BR    R2(800FFDF6)=4110D2EC LA   
 800FFDF6 0 4110D2EC     LA    R1=000FFF1C S2(000FFF1C)
 800FFDFA 0 0A23         SVC   I1=23 WTO R1=ADDR(AL2(LEN),AL2(FLAGS),C'MSG')

 800FFDFC 0 5B60D320     S     R6=00000020 S2(000FFF50)=00000004
 800FFE00 2 5960D31C     C     R6=0000001C S2(000FFF4C)=00000000
 800FFE04 2 47B0D1A2     BNL   S2(000FFDD2)=41400000 LA   
 800FFDD2 2 41400000     LA    R4=00000014 S2(00000000)
 800FFDD6 2 4180D26C     LA    R8=000FFF14 S2(000FFE9C)
 800FFDDA 2 4520D1DE     BAL   R2=800FFDF6 S2(000FFE0E)=1A86 AR   
 800FFE0E 2 1A86         AR    R8=000FFE9C R6=0000001C
 800FFE10 2 D5038000D31C CLC   S1(000FFEB8)=00000001 S2(000FFF4C)=00000000='....'
 800FFE16 2 4780D202     BE    S2(000FFE32)=07F2 BR   
 800FFE1A 2 58880000     L     R8=000FFEB8 S2(000FFEB8)=00000001
 800FFE1E 2 4170D2F0     LA    R7=F4F4F4F4 S2(000FFF20)
 800FFE22 2 1A74         AR    R7=000FFF20 R4=00000000
 800FFE24 2 D2007000D3C6 MVC   S1(000FFF20)=40 S2(000FFFF6)=E7='.'
 800FFE2A 2 5A70D318     A     R7=000FFF20 S2(000FFF48)=00000001
 800FFE2E 2 4680D1F4     BCT   R8=00000001 S2(000FFE24)=D2007000
 800FFE32 2 07F2         BR    R2(800FFDDE)=4140000A LA   
 800FFDDE 2 4140000A     LA    R4=00000000 S2(0000000A)
 800FFDE2 2 4180D298     LA    R8=00000000 S2(000FFEC8)
 800FFDE6 2 4520D1DE     BAL   R2=800FFDDE S2(000FFE0E)=1A86 AR   
 800FFE0E 2 1A86         AR    R8=000FFEC8 R6=0000001C
 800FFE10 2 D5038000D31C CLC   S1(000FFEE4)=00000000 S2(000FFF4C)=00000000='....'
 800FFE16 0 4780D202     BE    S2(000FFE32)=07F2 BR   
 800FFE32 0 07F2         BR    R2(800FFDEA)=41400014 LA   
 800FFDEA 0 41400014     LA    R4=0000000A S2(00000014)
 800FFDEE 0 4180D2C4     LA    R8=000FFEE4 S2(000FFEF4)
 800FFDF2 0 4520D1DE     BAL   R2=800FFDEA S2(000FFE0E)=1A86 AR   
 800FFE0E 0 1A86         AR    R8=000FFEF4 R6=0000001C
 800FFE10 2 D5038000D31C CLC   S1(000FFF10)=00000000 S2(000FFF4C)=00000000='....'
 800FFE16 0 4780D202     BE    S2(000FFE32)=07F2 BR   
 800FFE32 0 07F2         BR    R2(800FFDF6)=4110D2EC LA   
 800FFDF6 0 4110D2EC     LA    R1=000FFF1C S2(000FFF1C)
 800FFDFA 0 0A23         SVC   I1=23 WTO R1=ADDR(AL2(LEN),AL2(FLAGS),C'MSG')
X
 800FFDFC 0 5B60D320     S     R6=0000001C S2(000FFF50)=00000004
 800FFE00 2 5960D31C     C     R6=00000018 S2(000FFF4C)=00000000
 800FFE04 2 47B0D1A2     BNL   S2(000FFDD2)=41400000 LA   
 800FFDD2 2 41400000     LA    R4=00000014 S2(00000000)
 800FFDD6 2 4180D26C     LA    R8=000FFF10 S2(000FFE9C)
 800FFDDA 2 4520D1DE     BAL   R2=800FFDF6 S2(000FFE0E)=1A86 AR   
 800FFE0E 2 1A86         AR    R8=000FFE9C R6=00000018
 800FFE10 2 D5038000D31C CLC   S1(000FFEB4)=00000002 S2(000FFF4C)=00000000='....'
 800FFE16 2 4780D202     BE    S2(000FFE32)=07F2 BR   
 800FFE1A 2 58880000     L     R8=000FFEB4 S2(000FFEB4)=00000002
 800FFE1E 2 4170D2F0     LA    R7=000FFF21 S2(000FFF20)
 800FFE22 2 1A74         AR    R7=000FFF20 R4=00000000
 800FFE24 2 D2007000D3C6 MVC   S1(000FFF20)=E7 S2(000FFFF6)=E7='.'
 800FFE2A 2 5A70D318     A     R7=000FFF20 S2(000FFF48)=00000001
 800FFE2E 2 4680D1F4     BCT   R8=00000002 S2(000FFE24)=D2007000
 800FFE24 2 D2007000D3C6 MVC   S1(000FFF21)=40 S2(000FFFF6)=E7='.'
 800FFE2A 2 5A70D318     A     R7=000FFF21 S2(000FFF48)=00000001
 800FFE2E 2 4680D1F4     BCT   R8=00000001 S2(000FFE24)=D2007000
 800FFE32 2 07F2         BR    R2(800FFDDE)=4140000A LA   
 800FFDDE 2 4140000A     LA    R4=00000000 S2(0000000A)
 800FFDE2 2 4180D298     LA    R8=00000000 S2(000FFEC8)
 800FFDE6 2 4520D1DE     BAL   R2=800FFDDE S2(000FFE0E)=1A86 AR   
 800FFE0E 2 1A86         AR    R8=000FFEC8 R6=00000018
 800FFE10 2 D5038000D31C CLC   S1(000FFEE0)=00000000 S2(000FFF4C)=00000000='....'
 800FFE16 0 4780D202     BE    S2(000FFE32)=07F2 BR   
 800FFE32 0 07F2         BR    R2(800FFDEA)=41400014 LA   
 800FFDEA 0 41400014     LA    R4=0000000A S2(00000014)
 800FFDEE 0 4180D2C4     LA    R8=000FFEE0 S2(000FFEF4)
 800FFDF2 0 4520D1DE     BAL   R2=800FFDEA S2(000FFE0E)=1A86 AR   
 800FFE0E 0 1A86         AR    R8=000FFEF4 R6=00000018
 800FFE10 2 D5038000D31C CLC   S1(000FFF0C)=00000000 S2(000FFF4C)=00000000='....'
 800FFE16 0 4780D202     BE    S2(000FFE32)=07F2 BR   
 800FFE32 0 07F2         BR    R2(800FFDF6)=4110D2EC LA   
 800FFDF6 0 4110D2EC     LA    R1=000FFF1C S2(000FFF1C)
 800FFDFA 0 0A23         SVC   I1=23 WTO R1=ADDR(AL2(LEN),AL2(FLAGS),C'MSG')
XX
 800FFDFC 0 5B60D320     S     R6=00000018 S2(000FFF50)=00000004
 800FFE00 2 5960D31C     C     R6=00000014 S2(000FFF4C)=00000000
 800FFE04 2 47B0D1A2     BNL   S2(000FFDD2)=41400000 LA   
 800FFDD2 2 41400000     LA    R4=00000014 S2(00000000)
 800FFDD6 2 4180D26C     LA    R8=000FFF0C S2(000FFE9C)
 800FFDDA 2 4520D1DE     BAL   R2=800FFDF6 S2(000FFE0E)=1A86 AR   
 800FFE0E 2 1A86         AR    R8=000FFE9C R6=00000014
 800FFE10 2 D5038000D31C CLC   S1(000FFEB0)=00000003 S2(000FFF4C)=00000000='....'
 800FFE16 2 4780D202     BE    S2(000FFE32)=07F2 BR   
 800FFE1A 2 58880000     L     R8=000FFEB0 S2(000FFEB0)=00000003
 800FFE1E 2 4170D2F0     LA    R7=000FFF22 S2(000FFF20)
 800FFE22 2 1A74         AR    R7=000FFF20 R4=00000000
 800FFE24 2 D2007000D3C6 MVC   S1(000FFF20)=E7 S2(000FFFF6)=E7='.'
 800FFE2A 2 5A70D318     A     R7=000FFF20 S2(000FFF48)=00000001
 800FFE2E 2 4680D1F4     BCT   R8=00000003 S2(000FFE24)=D2007000
 800FFE24 2 D2007000D3C6 MVC   S1(000FFF21)=E7 S2(000FFFF6)=E7='.'
 800FFE2A 2 5A70D318     A     R7=000FFF21 S2(000FFF48)=00000001
 800FFE2E 2 4680D1F4     BCT   R8=00000002 S2(000FFE24)=D2007000
 800FFE24 2 D2007000D3C6 MVC   S1(000FFF22)=40 S2(000FFFF6)=E7='.'
 800FFE2A 2 5A70D318     A     R7=000FFF22 S2(000FFF48)=00000001
 800FFE2E 2 4680D1F4     BCT   R8=00000001 S2(000FFE24)=D2007000
 800FFE32 2 07F2         BR    R2(800FFDDE)=4140000A LA   
 800FFDDE 2 4140000A     LA    R4=00000000 S2(0000000A)
 800FFDE2 2 4180D298     LA    R8=00000000 S2(000FFEC8)
 800FFDE6 2 4520D1DE     BAL   R2=800FFDDE S2(000FFE0E)=1A86 AR   
 800FFE0E 2 1A86         AR    R8=000FFEC8 R6=00000014
 800FFE10 2 D5038000D31C CLC   S1(000FFEDC)=00000000 S2(000FFF4C)=00000000='....'
 800FFE16 0 4780D202     BE    S2(000FFE32)=07F2 BR   
 800FFE32 0 07F2         BR    R2(800FFDEA)=41400014 LA   
 800FFDEA 0 41400014     LA    R4=0000000A S2(00000014)
 800FFDEE 0 4180D2C4     LA    R8=000FFEDC S2(000FFEF4)
 800FFDF2 0 4520D1DE     BAL   R2=800FFDEA S2(000FFE0E)=1A86 AR   
 800FFE0E 0 1A86         AR    R8=000FFEF4 R6=00000014
 800FFE10 2 D5038000D31C CLC   S1(000FFF08)=00000000 S2(000FFF4C)=00000000='....'
 800FFE16 0 4780D202     BE    S2(000FFE32)=07F2 BR   
 800FFE32 0 07F2         BR    R2(800FFDF6)=4110D2EC LA   
 800FFDF6 0 4110D2EC     LA    R1=000FFF1C S2(000FFF1C)
 800FFDFA 0 0A23         SVC   I1=23 WTO R1=ADDR(AL2(LEN),AL2(FLAGS),C'MSG')
XXX
 800FFDFC 0 5B60D320     S     R6=00000014 S2(000FFF50)=00000004
 800FFE00 2 5960D31C     C     R6=00000010 S2(000FFF4C)=00000000
 800FFE04 2 47B0D1A2     BNL   S2(000FFDD2)=41400000 LA   
 800FFDD2 2 41400000     LA    R4=00000014 S2(00000000)
 800FFDD6 2 4180D26C     LA    R8=000FFF08 S2(000FFE9C)
 800FFDDA 2 4520D1DE     BAL   R2=800FFDF6 S2(000FFE0E)=1A86 AR   
 800FFE0E 2 1A86         AR    R8=000FFE9C R6=00000010
 800FFE10 2 D5038000D31C CLC   S1(000FFEAC)=00000004 S2(000FFF4C)=00000000='....'
 800FFE16 2 4780D202     BE    S2(000FFE32)=07F2 BR   
 800FFE1A 2 58880000     L     R8=000FFEAC S2(000FFEAC)=00000004
 800FFE1E 2 4170D2F0     LA    R7=000FFF23 S2(000FFF20)
 800FFE22 2 1A74         AR    R7=000FFF20 R4=00000000
 800FFE24 2 D2007000D3C6 MVC   S1(000FFF20)=E7 S2(000FFFF6)=E7='.'
 800FFE2A 2 5A70D318     A     R7=000FFF20 S2(000FFF48)=00000001
 800FFE2E 2 4680D1F4     BCT   R8=00000004 S2(000FFE24)=D2007000
 800FFE24 2 D2007000D3C6 MVC   S1(000FFF21)=E7 S2(000FFFF6)=E7='.'
 800FFE2A 2 5A70D318     A     R7=000FFF21 S2(000FFF48)=00000001
 800FFE2E 2 4680D1F4     BCT   R8=00000003 S2(000FFE24)=D2007000
 800FFE24 2 D2007000D3C6 MVC   S1(000FFF22)=E7 S2(000FFFF6)=E7='.'
 800FFE2A 2 5A70D318     A     R7=000FFF22 S2(000FFF48)=00000001
 800FFE2E 2 4680D1F4     BCT   R8=00000002 S2(000FFE24)=D2007000
 800FFE24 2 D2007000D3C6 MVC   S1(000FFF23)=40 S2(000FFFF6)=E7='.'
 800FFE2A 2 5A70D318     A     R7=000FFF23 S2(000FFF48)=00000001
 800FFE2E 2 4680D1F4     BCT   R8=00000001 S2(000FFE24)=D2007000
 800FFE32 2 07F2         BR    R2(800FFDDE)=4140000A LA   
 800FFDDE 2 4140000A     LA    R4=00000000 S2(0000000A)
 800FFDE2 2 4180D298     LA    R8=00000000 S2(000FFEC8)
 800FFDE6 2 4520D1DE     BAL   R2=800FFDDE S2(000FFE0E)=1A86 AR   
 800FFE0E 2 1A86         AR    R8=000FFEC8 R6=00000010
 800FFE10 2 D5038000D31C CLC   S1(000FFED8)=00000000 S2(000FFF4C)=00000000='....'
 800FFE16 0 4780D202     BE    S2(000FFE32)=07F2 BR   
 800FFE32 0 07F2         BR    R2(800FFDEA)=41400014 LA   
 800FFDEA 0 41400014     LA    R4=0000000A S2(00000014)
 800FFDEE 0 4180D2C4     LA    R8=000FFED8 S2(000FFEF4)
 800FFDF2 0 4520D1DE     BAL   R2=800FFDEA S2(000FFE0E)=1A86 AR   
 800FFE0E 0 1A86         AR    R8=000FFEF4 R6=00000010
 800FFE10 2 D5038000D31C CLC   S1(000FFF04)=00000000 S2(000FFF4C)=00000000='....'
 800FFE16 0 4780D202     BE    S2(000FFE32)=07F2 BR   
 800FFE32 0 07F2         BR    R2(800FFDF6)=4110D2EC LA   
 800FFDF6 0 4110D2EC     LA    R1=000FFF1C S2(000FFF1C)
 800FFDFA 0 0A23         SVC   I1=23 WTO R1=ADDR(AL2(LEN),AL2(FLAGS),C'MSG')
XXXX
 800FFDFC 0 5B60D320     S     R6=00000010 S2(000FFF50)=00000004
 800FFE00 2 5960D31C     C     R6=0000000C S2(000FFF4C)=00000000
 800FFE04 2 47B0D1A2     BNL   S2(000FFDD2)=41400000 LA   
 800FFDD2 2 41400000     LA    R4=00000014 S2(00000000)
 800FFDD6 2 4180D26C     LA    R8=000FFF04 S2(000FFE9C)
 800FFDDA 2 4520D1DE     BAL   R2=800FFDF6 S2(000FFE0E)=1A86 AR   
 800FFE0E 2 1A86         AR    R8=000FFE9C R6=0000000C
 800FFE10 2 D5038000D31C CLC   S1(000FFEA8)=00000005 S2(000FFF4C)=00000000='....'
 800FFE16 2 4780D202     BE    S2(000FFE32)=07F2 BR   
 800FFE1A 2 58880000     L     R8=000FFEA8 S2(000FFEA8)=00000005
 800FFE1E 2 4170D2F0     LA    R7=000FFF24 S2(000FFF20)
 800FFE22 2 1A74         AR    R7=000FFF20 R4=00000000
 800FFE24 2 D2007000D3C6 MVC   S1(000FFF20)=E7 S2(000FFFF6)=E7='.'
 800FFE2A 2 5A70D318     A     R7=000FFF20 S2(000FFF48)=00000001
 800FFE2E 2 4680D1F4     BCT   R8=00000005 S2(000FFE24)=D2007000
 800FFE24 2 D2007000D3C6 MVC   S1(000FFF21)=E7 S2(000FFFF6)=E7='.'
 800FFE2A 2 5A70D318     A     R7=000FFF21 S2(000FFF48)=00000001
 800FFE2E 2 4680D1F4     BCT   R8=00000004 S2(000FFE24)=D2007000
 800FFE24 2 D2007000D3C6 MVC   S1(000FFF22)=E7 S2(000FFFF6)=E7='.'
 800FFE2A 2 5A70D318     A     R7=000FFF22 S2(000FFF48)=00000001
 800FFE2E 2 4680D1F4     BCT   R8=00000003 S2(000FFE24)=D2007000
 800FFE24 2 D2007000D3C6 MVC   S1(000FFF23)=E7 S2(000FFFF6)=E7='.'
 800FFE2A 2 5A70D318     A     R7=000FFF23 S2(000FFF48)=00000001
 800FFE2E 2 4680D1F4     BCT   R8=00000002 S2(000FFE24)=D2007000
 800FFE24 2 D2007000D3C6 MVC   S1(000FFF24)=40 S2(000FFFF6)=E7='.'
 800FFE2A 2 5A70D318     A     R7=000FFF24 S2(000FFF48)=00000001
 800FFE2E 2 4680D1F4     BCT   R8=00000001 S2(000FFE24)=D2007000
 800FFE32 2 07F2         BR    R2(800FFDDE)=4140000A LA   
 800FFDDE 2 4140000A     LA    R4=00000000 S2(0000000A)
 800FFDE2 2 4180D298     LA    R8=00000000 S2(000FFEC8)
 800FFDE6 2 4520D1DE     BAL   R2=800FFDDE S2(000FFE0E)=1A86 AR   
 800FFE0E 2 1A86         AR    R8=000FFEC8 R6=0000000C
 800FFE10 2 D5038000D31C CLC   S1(000FFED4)=00000000 S2(000FFF4C)=00000000='....'
 800FFE16 0 4780D202     BE    S2(000FFE32)=07F2 BR   
 800FFE32 0 07F2         BR    R2(800FFDEA)=41400014 LA   
 800FFDEA 0 41400014     LA    R4=0000000A S2(00000014)
 800FFDEE 0 4180D2C4     LA    R8=000FFED4 S2(000FFEF4)
 800FFDF2 0 4520D1DE     BAL   R2=800FFDEA S2(000FFE0E)=1A86 AR   
 800FFE0E 0 1A86         AR    R8=000FFEF4 R6=0000000C
 800FFE10 2 D5038000D31C CLC   S1(000FFF00)=00000000 S2(000FFF4C)=00000000='....'
 800FFE16 0 4780D202     BE    S2(000FFE32)=07F2 BR   
 800FFE32 0 07F2         BR    R2(800FFDF6)=4110D2EC LA   
 800FFDF6 0 4110D2EC     LA    R1=000FFF1C S2(000FFF1C)
 800FFDFA 0 0A23         SVC   I1=23 WTO R1=ADDR(AL2(LEN),AL2(FLAGS),C'MSG')
XXXXX
 800FFDFC 0 5B60D320     S     R6=0000000C S2(000FFF50)=00000004
 800FFE00 2 5960D31C     C     R6=00000008 S2(000FFF4C)=00000000
 800FFE04 2 47B0D1A2     BNL   S2(000FFDD2)=41400000 LA   
 800FFDD2 2 41400000     LA    R4=00000014 S2(00000000)
 800FFDD6 2 4180D26C     LA    R8=000FFF00 S2(000FFE9C)
 800FFDDA 2 4520D1DE     BAL   R2=800FFDF6 S2(000FFE0E)=1A86 AR   
 800FFE0E 2 1A86         AR    R8=000FFE9C R6=00000008
 800FFE10 2 D5038000D31C CLC   S1(000FFEA4)=00000006 S2(000FFF4C)=00000000='....'
 800FFE16 2 4780D202     BE    S2(000FFE32)=07F2 BR   
 800FFE1A 2 58880000     L     R8=000FFEA4 S2(000FFEA4)=00000006
 800FFE1E 2 4170D2F0     LA    R7=000FFF25 S2(000FFF20)
 800FFE22 2 1A74         AR    R7=000FFF20 R4=00000000
 800FFE24 2 D2007000D3C6 MVC   S1(000FFF20)=E7 S2(000FFFF6)=E7='.'
 800FFE2A 2 5A70D318     A     R7=000FFF20 S2(000FFF48)=00000001
 800FFE2E 2 4680D1F4     BCT   R8=00000006 S2(000FFE24)=D2007000
 800FFE24 2 D2007000D3C6 MVC   S1(000FFF21)=E7 S2(000FFFF6)=E7='.'
 800FFE2A 2 5A70D318     A     R7=000FFF21 S2(000FFF48)=00000001
 800FFE2E 2 4680D1F4     BCT   R8=00000005 S2(000FFE24)=D2007000
 800FFE24 2 D2007000D3C6 MVC   S1(000FFF22)=E7 S2(000FFFF6)=E7='.'
 800FFE2A 2 5A70D318     A     R7=000FFF22 S2(000FFF48)=00000001
 800FFE2E 2 4680D1F4     BCT   R8=00000004 S2(000FFE24)=D2007000
 800FFE24 2 D2007000D3C6 MVC   S1(000FFF23)=E7 S2(000FFFF6)=E7='.'
 800FFE2A 2 5A70D318     A     R7=000FFF23 S2(000FFF48)=00000001
 800FFE2E 2 4680D1F4     BCT   R8=00000003 S2(000FFE24)=D2007000
 800FFE24 2 D2007000D3C6 MVC   S1(000FFF24)=E7 S2(000FFFF6)=E7='.'
 800FFE2A 2 5A70D318     A     R7=000FFF24 S2(000FFF48)=00000001
 800FFE2E 2 4680D1F4     BCT   R8=00000002 S2(000FFE24)=D2007000
 800FFE24 2 D2007000D3C6 MVC   S1(000FFF25)=40 S2(000FFFF6)=E7='.'
 800FFE2A 2 5A70D318     A     R7=000FFF25 S2(000FFF48)=00000001
 800FFE2E 2 4680D1F4     BCT   R8=00000001 S2(000FFE24)=D2007000
 800FFE32 2 07F2         BR    R2(800FFDDE)=4140000A LA   
 800FFDDE 2 4140000A     LA    R4=00000000 S2(0000000A)
 800FFDE2 2 4180D298     LA    R8=00000000 S2(000FFEC8)
 800FFDE6 2 4520D1DE     BAL   R2=800FFDDE S2(000FFE0E)=1A86 AR   
 800FFE0E 2 1A86         AR    R8=000FFEC8 R6=00000008
 800FFE10 2 D5038000D31C CLC   S1(000FFED0)=00000000 S2(000FFF4C)=00000000='....'
 800FFE16 0 4780D202     BE    S2(000FFE32)=07F2 BR   
 800FFE32 0 07F2         BR    R2(800FFDEA)=41400014 LA   
 800FFDEA 0 41400014     LA    R4=0000000A S2(00000014)
 800FFDEE 0 4180D2C4     LA    R8=000FFED0 S2(000FFEF4)
 800FFDF2 0 4520D1DE     BAL   R2=800FFDEA S2(000FFE0E)=1A86 AR   
 800FFE0E 0 1A86         AR    R8=000FFEF4 R6=00000008
 800FFE10 2 D5038000D31C CLC   S1(000FFEFC)=00000000 S2(000FFF4C)=00000000='....'
 800FFE16 0 4780D202     BE    S2(000FFE32)=07F2 BR   
 800FFE32 0 07F2         BR    R2(800FFDF6)=4110D2EC LA   
 800FFDF6 0 4110D2EC     LA    R1=000FFF1C S2(000FFF1C)
 800FFDFA 0 0A23         SVC   I1=23 WTO R1=ADDR(AL2(LEN),AL2(FLAGS),C'MSG')
XXXXXX
 800FFDFC 0 5B60D320     S     R6=00000008 S2(000FFF50)=00000004
 800FFE00 2 5960D31C     C     R6=00000004 S2(000FFF4C)=00000000
 800FFE04 2 47B0D1A2     BNL   S2(000FFDD2)=41400000 LA   
 800FFDD2 2 41400000     LA    R4=00000014 S2(00000000)
 800FFDD6 2 4180D26C     LA    R8=000FFEFC S2(000FFE9C)
 800FFDDA 2 4520D1DE     BAL   R2=800FFDF6 S2(000FFE0E)=1A86 AR   
 800FFE0E 2 1A86         AR    R8=000FFE9C R6=00000004
 800FFE10 2 D5038000D31C CLC   S1(000FFEA0)=00000007 S2(000FFF4C)=00000000='....'
 800FFE16 2 4780D202     BE    S2(000FFE32)=07F2 BR   
 800FFE1A 2 58880000     L     R8=000FFEA0 S2(000FFEA0)=00000007
 800FFE1E 2 4170D2F0     LA    R7=000FFF26 S2(000FFF20)
 800FFE22 2 1A74         AR    R7=000FFF20 R4=00000000
 800FFE24 2 D2007000D3C6 MVC   S1(000FFF20)=E7 S2(000FFFF6)=E7='.'
 800FFE2A 2 5A70D318     A     R7=000FFF20 S2(000FFF48)=00000001
 800FFE2E 2 4680D1F4     BCT   R8=00000007 S2(000FFE24)=D2007000
 800FFE24 2 D2007000D3C6 MVC   S1(000FFF21)=E7 S2(000FFFF6)=E7='.'
 800FFE2A 2 5A70D318     A     R7=000FFF21 S2(000FFF48)=00000001
 800FFE2E 2 4680D1F4     BCT   R8=00000006 S2(000FFE24)=D2007000
 800FFE24 2 D2007000D3C6 MVC   S1(000FFF22)=E7 S2(000FFFF6)=E7='.'
 800FFE2A 2 5A70D318     A     R7=000FFF22 S2(000FFF48)=00000001
 800FFE2E 2 4680D1F4     BCT   R8=00000005 S2(000FFE24)=D2007000
 800FFE24 2 D2007000D3C6 MVC   S1(000FFF23)=E7 S2(000FFFF6)=E7='.'
 800FFE2A 2 5A70D318     A     R7=000FFF23 S2(000FFF48)=00000001
 800FFE2E 2 4680D1F4     BCT   R8=00000004 S2(000FFE24)=D2007000
 800FFE24 2 D2007000D3C6 MVC   S1(000FFF24)=E7 S2(000FFFF6)=E7='.'
 800FFE2A 2 5A70D318     A     R7=000FFF24 S2(000FFF48)=00000001
 800FFE2E 2 4680D1F4     BCT   R8=00000003 S2(000FFE24)=D2007000
 800FFE24 2 D2007000D3C6 MVC   S1(000FFF25)=E7 S2(000FFFF6)=E7='.'
 800FFE2A 2 5A70D318     A     R7=000FFF25 S2(000FFF48)=00000001
 800FFE2E 2 4680D1F4     BCT   R8=00000002 S2(000FFE24)=D2007000
 800FFE24 2 D2007000D3C6 MVC   S1(000FFF26)=40 S2(000FFFF6)=E7='.'
 800FFE2A 2 5A70D318     A     R7=000FFF26 S2(000FFF48)=00000001
 800FFE2E 2 4680D1F4     BCT   R8=00000001 S2(000FFE24)=D2007000
 800FFE32 2 07F2         BR    R2(800FFDDE)=4140000A LA   
 800FFDDE 2 4140000A     LA    R4=00000000 S2(0000000A)
 800FFDE2 2 4180D298     LA    R8=00000000 S2(000FFEC8)
 800FFDE6 2 4520D1DE     BAL   R2=800FFDDE S2(000FFE0E)=1A86 AR   
 800FFE0E 2 1A86         AR    R8=000FFEC8 R6=00000004
 800FFE10 2 D5038000D31C CLC   S1(000FFECC)=00000000 S2(000FFF4C)=00000000='....'
 800FFE16 0 4780D202     BE    S2(000FFE32)=07F2 BR   
 800FFE32 0 07F2         BR    R2(800FFDEA)=41400014 LA   
 800FFDEA 0 41400014     LA    R4=0000000A S2(00000014)
 800FFDEE 0 4180D2C4     LA    R8=000FFECC S2(000FFEF4)
 800FFDF2 0 4520D1DE     BAL   R2=800FFDEA S2(000FFE0E)=1A86 AR   
 800FFE0E 0 1A86         AR    R8=000FFEF4 R6=00000004
 800FFE10 2 D5038000D31C CLC   S1(000FFEF8)=00000000 S2(000FFF4C)=00000000='....'
 800FFE16 0 4780D202     BE    S2(000FFE32)=07F2 BR   
 800FFE32 0 07F2         BR    R2(800FFDF6)=4110D2EC LA   
 800FFDF6 0 4110D2EC     LA    R1=000FFF1C S2(000FFF1C)
 800FFDFA 0 0A23         SVC   I1=23 WTO R1=ADDR(AL2(LEN),AL2(FLAGS),C'MSG')
XXXXXXX
 800FFDFC 0 5B60D320     S     R6=00000004 S2(000FFF50)=00000004
 800FFE00 0 5960D31C     C     R6=00000000 S2(000FFF4C)=00000000
 800FFE04 0 47B0D1A2     BNL   S2(000FFDD2)=41400000 LA   
 800FFDD2 0 41400000     LA    R4=00000014 S2(00000000)
 800FFDD6 0 4180D26C     LA    R8=000FFEF8 S2(000FFE9C)
 800FFDDA 0 4520D1DE     BAL   R2=800FFDF6 S2(000FFE0E)=1A86 AR   
 800FFE0E 0 1A86         AR    R8=000FFE9C R6=00000000
 800FFE10 2 D5038000D31C CLC   S1(000FFE9C)=00000008 S2(000FFF4C)=00000000='....'
 800FFE16 2 4780D202     BE    S2(000FFE32)=07F2 BR   
 800FFE1A 2 58880000     L     R8=000FFE9C S2(000FFE9C)=00000008
 800FFE1E 2 4170D2F0     LA    R7=000FFF27 S2(000FFF20)
 800FFE22 2 1A74         AR    R7=000FFF20 R4=00000000
 800FFE24 2 D2007000D3C6 MVC   S1(000FFF20)=E7 S2(000FFFF6)=E7='.'
 800FFE2A 2 5A70D318     A     R7=000FFF20 S2(000FFF48)=00000001
 800FFE2E 2 4680D1F4     BCT   R8=00000008 S2(000FFE24)=D2007000
 800FFE24 2 D2007000D3C6 MVC   S1(000FFF21)=E7 S2(000FFFF6)=E7='.'
 800FFE2A 2 5A70D318     A     R7=000FFF21 S2(000FFF48)=00000001
 800FFE2E 2 4680D1F4     BCT   R8=00000007 S2(000FFE24)=D2007000
 800FFE24 2 D2007000D3C6 MVC   S1(000FFF22)=E7 S2(000FFFF6)=E7='.'
 800FFE2A 2 5A70D318     A     R7=000FFF22 S2(000FFF48)=00000001
 800FFE2E 2 4680D1F4     BCT   R8=00000006 S2(000FFE24)=D2007000
 800FFE24 2 D2007000D3C6 MVC   S1(000FFF23)=E7 S2(000FFFF6)=E7='.'
 800FFE2A 2 5A70D318     A     R7=000FFF23 S2(000FFF48)=00000001
 800FFE2E 2 4680D1F4     BCT   R8=00000005 S2(000FFE24)=D2007000
 800FFE24 2 D2007000D3C6 MVC   S1(000FFF24)=E7 S2(000FFFF6)=E7='.'
 800FFE2A 2 5A70D318     A     R7=000FFF24 S2(000FFF48)=00000001
 800FFE2E 2 4680D1F4     BCT   R8=00000004 S2(000FFE24)=D2007000
 800FFE24 2 D2007000D3C6 MVC   S1(000FFF25)=E7 S2(000FFFF6)=E7='.'
 800FFE2A 2 5A70D318     A     R7=000FFF25 S2(000FFF48)=00000001
 800FFE2E 2 4680D1F4     BCT   R8=00000003 S2(000FFE24)=D2007000
 800FFE24 2 D2007000D3C6 MVC   S1(000FFF26)=E7 S2(000FFFF6)=E7='.'
 800FFE2A 2 5A70D318     A     R7=000FFF26 S2(000FFF48)=00000001
 800FFE2E 2 4680D1F4     BCT   R8=00000002 S2(000FFE24)=D2007000
 800FFE24 2 D2007000D3C6 MVC   S1(000FFF27)=40 S2(000FFFF6)=E7='.'
 800FFE2A 2 5A70D318     A     R7=000FFF27 S2(000FFF48)=00000001
 800FFE2E 2 4680D1F4     BCT   R8=00000001 S2(000FFE24)=D2007000
 800FFE32 2 07F2         BR    R2(800FFDDE)=4140000A LA   
 800FFDDE 2 4140000A     LA    R4=00000000 S2(0000000A)
 800FFDE2 2 4180D298     LA    R8=00000000 S2(000FFEC8)
 800FFDE6 2 4520D1DE     BAL   R2=800FFDDE S2(000FFE0E)=1A86 AR   
 800FFE0E 2 1A86         AR    R8=000FFEC8 R6=00000000
 800FFE10 2 D5038000D31C CLC   S1(000FFEC8)=00000000 S2(000FFF4C)=00000000='....'
 800FFE16 0 4780D202     BE    S2(000FFE32)=07F2 BR   
 800FFE32 0 07F2         BR    R2(800FFDEA)=41400014 LA   
 800FFDEA 0 41400014     LA    R4=0000000A S2(00000014)
 800FFDEE 0 4180D2C4     LA    R8=000FFEC8 S2(000FFEF4)
 800FFDF2 0 4520D1DE     BAL   R2=800FFDEA S2(000FFE0E)=1A86 AR   
 800FFE0E 0 1A86         AR    R8=000FFEF4 R6=00000000
 800FFE10 2 D5038000D31C CLC   S1(000FFEF4)=00000000 S2(000FFF4C)=00000000='....'
 800FFE16 0 4780D202     BE    S2(000FFE32)=07F2 BR   
 800FFE32 0 07F2         BR    R2(800FFDF6)=4110D2EC LA   
 800FFDF6 0 4110D2EC     LA    R1=000FFF1C S2(000FFF1C)
 800FFDFA 0 0A23         SVC   I1=23 WTO R1=ADDR(AL2(LEN),AL2(FLAGS),C'MSG')
XXXXXXXX
 800FFDFC 0 5B60D320     S     R6=00000000 S2(000FFF50)=00000004
 800FFE00 1 5960D31C     C     R6=FFFFFFFC S2(000FFF4C)=00000000
 800FFE04 1 47B0D1A2     BNL   S2(000FFDD2)=41400000 LA   
 800FFE08 1 5820D310     L     R2=800FFDF6 S2(000FFF40)=800FFD1A
 800FFE0C 1 07F2         BR    R2(800FFD1A)=47F0D118 B    
 800FFD1A 1 47F0D118     B     S2(000FFD48)=41F00000 LA   
 800FFD48 1 41F00000     LA    RF=00000000 S2(00000000)
 800FFD4C 1 58D0D004     L     RD=800FFC30 S2(000FFC34)=00002100
 800FFD50 1 58E0D00C     L     RE=00000002 S2(0000210C)=00002018
 800FFD54 1 982CD01C     LM    R2=800FFD1A RC=F4F4F4F4 S2(0000211C)=F4F4F4F4
 800FFD58 1 07FE         BR    RE(00002018)=0A03 SVC  
 80002018 1 0A03         SVC   I1=03 EXIT
17:40:08 HANOI     EZ390 ENDED   RC= 0 SEC=10 MEM(MB)= 23 IO=34 INS=475
